cyanrip 0.9.3-uf0.6 (2a4f3bf)
Drive used:     HL-DT-ST DVDRAM GP60NB60  (revision RF01)
System device:  /dev/cdrom
Device model:   HL-DT-ST DVDRAM GP60NB60  RF01 SCSI CD-ROM
Offset:         +6 samples
Overread:       +1 frame
Overread mode:  fill with silence in lead-in/lead-out
Speed:          default (unchangeable)
C2 errors:      supported by drive
Paranoia level: max
Frame retries:  10
HDCD decoding:  disabled
Album Art:      Front (From: Cover Art DB)
Outputs:        flac
Disc number:    1
Total discs:    1
Disc tracks:    16
Tracks to rip:  all
DiscID:         LWsQO_Vths7QDTwXE5MjOzM2YLM-
Release ID:     3c424172-b85a-4789-9016-bbf513968f91
CDDB ID:        B60D2E10
Disc MCN:       0000000000000
Album:          BDLM VOL. 1
Album artist:   Tiakola
AccurateRip:    not found
Total time:     00:56:14.960

Gaps:
    0 frame pregap in track 1, unmerged
    0 frame pregap in track 2, merging into track 1
    0 frame pregap in track 3, merging into track 2
    0 frame pregap in track 4, merging into track 3
    0 frame pregap in track 5, merging into track 4
    0 frame pregap in track 6, merging into track 5
    0 frame pregap in track 7, merging into track 6
    0 frame pregap in track 8, merging into track 7
    0 frame pregap in track 9, merging into track 8
    0 frame pregap in track 10, merging into track 9
    0 frame pregap in track 11, merging into track 10
    0 frame pregap in track 12, merging into track 11
    0 frame pregap in track 13, merging into track 12
    0 frame pregap in track 14, merging into track 13
    0 frame pregap in track 15, merging into track 14
    0 frame pregap in track 16, merging into track 15

Cover art destination(s):
    Tiakola - BDLM VOL. 1 [2024] [FLAC]/Front.jpg

Tracks:
Track 1 ripped and encoded successfully!
Summary:

  Integrated loudness:
    I:         -10.1 LUFS
    Threshold: -20.4 LUFS

  Loudness range:
    LRA:         6.0 LU
    Threshold: -30.4 LUFS
    LRA low:   -13.8 LUFS
    LRA high:   -7.8 LUFS

  Sample peak:
    Peak:       -0.2 dBFS

  True peak:
    Peak:       -0.1 dBFS

  Sample peak relative amplitude (calculated from ebur128 dBFS):
    Peak:        0.971649

  Sample peak relative amplitude (precise):
    Peak:        0.971649

  True peak relative amplitude (calculated from ebur128 dBFS):
    Peak:        0.987604

  Preemphasis:   none detected

  Properties:
    Duration:    00:03:38.600
    Samples:     9640260
    Frames:      16395
    Pregap LSN:  0 (duration: 00:00:02.000)
    Start LSN:   0
    End LSN:     16394 (with offset: 16395)

  EAC CRC32:     183B004D
  Accurip:       not found
    Accurip v1:  1FA3B53E
    Accurip v2:  F2986EE0
    Accurip 450: BFFCA359

  Metadata:
    mbid:                          1caf8236-e14a-435b-b2ed-d5e90d1e2370
    title:                         T.I.A
    artist:                        Tiakola
    track:                         1
    tracktotal:                    16
    disc_mcn:                      0000000000000
    musicbrainz_discid:            LWsQO_Vths7QDTwXE5MjOzM2YLM-
    cddb:                          B60D2E10
    media:                         CD
    comment:                       cyanrip 0.9.3-uf0.6
    date:                          2024-09-20
    musicbrainz_albumid:           3c424172-b85a-4789-9016-bbf513968f91
    album:                         BDLM VOL. 1
    barcode:                       5021732270917
    country:                       FR
    releasestatus:                 Official
    album_artist:                  Tiakola
    totaldiscs:                    1
    disc:                          1
    format:                        CD
    isrc:                          FR9W12443197
    creation_time:                 2025-11-22T17:51:03
    REPLAYGAIN_TRACK_GAIN:         -7.87 dB
    R128_TRACK_GAIN:               -735
    REPLAYGAIN_TRACK_RANGE:        6.03 dB
    REPLAYGAIN_TRACK_PEAK:         0.987604
    REPLAYGAIN_REFERENCE_LOUDNESS: -18.00 LUFS

  Embedded cover art:
    Front: 600x600 Motion JPEG

  File(s):
    Tiakola - BDLM VOL. 1 [2024] [FLAC]/01. T.I.A.flac

Track 2 ripped and encoded successfully!
Summary:

  Integrated loudness:
    I:          -9.7 LUFS
    Threshold: -19.9 LUFS

  Loudness range:
    LRA:         4.3 LU
    Threshold: -29.8 LUFS
    LRA low:   -12.6 LUFS
    LRA high:   -8.3 LUFS

  Sample peak:
    Peak:       -0.3 dBFS

  True peak:
    Peak:       -0.1 dBFS

  Sample peak relative amplitude (calculated from ebur128 dBFS):
    Peak:        0.969910

  Sample peak relative amplitude (precise):
    Peak:        0.969910

  True peak relative amplitude (calculated from ebur128 dBFS):
    Peak:        0.988580

  Preemphasis:   none detected

  Properties:
    Duration:    00:04:06.986
    Samples:     10892112
    Frames:      18524
    Pregap LSN:  16395 (duration: 00:00:00.000)
    Start LSN:   16395
    End LSN:     34918 (with offset: 34919)

  EAC CRC32:     67D08F85
  Accurip:       not found
    Accurip v1:  4354C312
    Accurip v2:  019E17B3
    Accurip 450: AB447653

  Metadata:
    mbid:                          279d008c-c3e6-4553-8c5b-2aa984b06946
    title:                         PONA NINI
    artist:                        Tiakola, Genezio & Prototype
    track:                         2
    tracktotal:                    16
    disc_mcn:                      0000000000000
    musicbrainz_discid:            LWsQO_Vths7QDTwXE5MjOzM2YLM-
    cddb:                          B60D2E10
    media:                         CD
    comment:                       cyanrip 0.9.3-uf0.6
    date:                          2024-09-20
    musicbrainz_albumid:           3c424172-b85a-4789-9016-bbf513968f91
    album:                         BDLM VOL. 1
    barcode:                       5021732270917
    country:                       FR
    releasestatus:                 Official
    album_artist:                  Tiakola
    totaldiscs:                    1
    disc:                          1
    format:                        CD
    isrc:                          FR9W12443198
    creation_time:                 2025-11-22T17:52:57
    REPLAYGAIN_TRACK_GAIN:         -8.29 dB
    R128_TRACK_GAIN:               -841
    REPLAYGAIN_TRACK_RANGE:        4.29 dB
    REPLAYGAIN_TRACK_PEAK:         0.988580
    REPLAYGAIN_REFERENCE_LOUDNESS: -18.00 LUFS

  Embedded cover art:
    Front: 600x600 Motion JPEG

  File(s):
    Tiakola - BDLM VOL. 1 [2024] [FLAC]/02. PONA NINI.flac

Track 3 ripped and encoded successfully!
Summary:

  Integrated loudness:
    I:          -9.0 LUFS
    Threshold: -19.2 LUFS

  Loudness range:
    LRA:         3.4 LU
    Threshold: -29.1 LUFS
    LRA low:   -10.8 LUFS
    LRA high:   -7.5 LUFS

  Sample peak:
    Peak:       -0.2 dBFS

  True peak:
    Peak:       -0.1 dBFS

  Sample peak relative amplitude (calculated from ebur128 dBFS):
    Peak:        0.971710

  Sample peak relative amplitude (precise):
    Peak:        0.971710

  True peak relative amplitude (calculated from ebur128 dBFS):
    Peak:        0.987527

  Preemphasis:   none detected

  Properties:
    Duration:    00:03:07.826
    Samples:     8283156
    Frames:      14087
    Pregap LSN:  34919 (duration: 00:00:00.000)
    Start LSN:   34919
    End LSN:     49005 (with offset: 49006)

  EAC CRC32:     ECB98574
  Accurip:       not found
    Accurip v1:  E1CC057D
    Accurip v2:  8CE9A16F
    Accurip 450: DAC12A04

  Metadata:
    mbid:                          d772d2af-194a-4a04-8109-1e236581ab5c
    title:                         G.A.N.G
    artist:                        Tiakola, La Mano 1.9 & Niska
    track:                         3
    tracktotal:                    16
    disc_mcn:                      0000000000000
    musicbrainz_discid:            LWsQO_Vths7QDTwXE5MjOzM2YLM-
    cddb:                          B60D2E10
    media:                         CD
    comment:                       cyanrip 0.9.3-uf0.6
    date:                          2024-09-20
    musicbrainz_albumid:           3c424172-b85a-4789-9016-bbf513968f91
    album:                         BDLM VOL. 1
    barcode:                       5021732270917
    country:                       FR
    releasestatus:                 Official
    album_artist:                  Tiakola
    totaldiscs:                    1
    disc:                          1
    format:                        CD
    isrc:                          FR9W12443199
    creation_time:                 2025-11-22T17:55:14
    REPLAYGAIN_TRACK_GAIN:         -8.96 dB
    R128_TRACK_GAIN:               -1013
    REPLAYGAIN_TRACK_RANGE:        3.36 dB
    REPLAYGAIN_TRACK_PEAK:         0.987527
    REPLAYGAIN_REFERENCE_LOUDNESS: -18.00 LUFS

  Embedded cover art:
    Front: 600x600 Motion JPEG

  File(s):
    Tiakola - BDLM VOL. 1 [2024] [FLAC]/03. G.A.N.G.flac

Track 4 ripped and encoded successfully!
Summary:

  Integrated loudness:
    I:         -10.6 LUFS
    Threshold: -20.6 LUFS

  Loudness range:
    LRA:         3.9 LU
    Threshold: -30.6 LUFS
    LRA low:   -12.6 LUFS
    LRA high:   -8.7 LUFS

  Sample peak:
    Peak:       -0.3 dBFS

  True peak:
    Peak:       -0.1 dBFS

  Sample peak relative amplitude (calculated from ebur128 dBFS):
    Peak:        0.971466

  Sample peak relative amplitude (precise):
    Peak:        0.971466

  True peak relative amplitude (calculated from ebur128 dBFS):
    Peak:        0.986867

  Preemphasis:   none detected

  Properties:
    Duration:    00:03:05.866
    Samples:     8196720
    Frames:      13940
    Pregap LSN:  49006 (duration: 00:00:00.000)
    Start LSN:   49006
    End LSN:     62945 (with offset: 62946)

  EAC CRC32:     BACBEB87
  Accurip:       not found
    Accurip v1:  42D634D4
    Accurip v2:  0669C5B3
    Accurip 450: 05E2852C

  Metadata:
    mbid:                          96bb5683-c9fb-454d-8ac9-f30e88c22549
    title:                         CABREL
    artist:                        Tiakola & Saaro
    track:                         4
    tracktotal:                    16
    disc_mcn:                      0000000000000
    musicbrainz_discid:            LWsQO_Vths7QDTwXE5MjOzM2YLM-
    cddb:                          B60D2E10
    media:                         CD
    comment:                       cyanrip 0.9.3-uf0.6
    date:                          2024-09-20
    musicbrainz_albumid:           3c424172-b85a-4789-9016-bbf513968f91
    album:                         BDLM VOL. 1
    barcode:                       5021732270917
    country:                       FR
    releasestatus:                 Official
    album_artist:                  Tiakola
    totaldiscs:                    1
    disc:                          1
    format:                        CD
    isrc:                          FR9W12443200
    creation_time:                 2025-11-22T17:56:56
    REPLAYGAIN_TRACK_GAIN:         -7.44 dB
    R128_TRACK_GAIN:               -624
    REPLAYGAIN_TRACK_RANGE:        3.87 dB
    REPLAYGAIN_TRACK_PEAK:         0.986867
    REPLAYGAIN_REFERENCE_LOUDNESS: -18.00 LUFS

  Embedded cover art:
    Front: 600x600 Motion JPEG

  File(s):
    Tiakola - BDLM VOL. 1 [2024] [FLAC]/04. CABREL.flac

Track 5 ripped and encoded successfully!
Summary:

  Integrated loudness:
    I:          -9.7 LUFS
    Threshold: -19.8 LUFS

  Loudness range:
    LRA:         4.7 LU
    Threshold: -29.8 LUFS
    LRA low:   -12.7 LUFS
    LRA high:   -8.0 LUFS

  Sample peak:
    Peak:       -0.3 dBFS

  True peak:
    Peak:       -0.1 dBFS

  Sample peak relative amplitude (calculated from ebur128 dBFS):
    Peak:        0.970886

  Sample peak relative amplitude (precise):
    Peak:        0.970886

  True peak relative amplitude (calculated from ebur128 dBFS):
    Peak:        0.987246

  Preemphasis:   none detected

  Properties:
    Duration:    00:03:00.986
    Samples:     7981512
    Frames:      13574
    Pregap LSN:  62946 (duration: 00:00:00.000)
    Start LSN:   62946
    End LSN:     76519 (with offset: 76520)

  EAC CRC32:     50FEEF1C
  Accurip:       not found
    Accurip v1:  88FD36D4
    Accurip v2:  66F102C2
    Accurip 450: 4DBAD521

  Metadata:
    mbid:                          71d84dd5-1014-40b4-a0bb-4c476f5a6197
    title:                         PROTECT
    artist:                        Tiakola & Merveille
    track:                         5
    tracktotal:                    16
    disc_mcn:                      0000000000000
    musicbrainz_discid:            LWsQO_Vths7QDTwXE5MjOzM2YLM-
    cddb:                          B60D2E10
    media:                         CD
    comment:                       cyanrip 0.9.3-uf0.6
    date:                          2024-09-20
    musicbrainz_albumid:           3c424172-b85a-4789-9016-bbf513968f91
    album:                         BDLM VOL. 1
    barcode:                       5021732270917
    country:                       FR
    releasestatus:                 Official
    album_artist:                  Tiakola
    totaldiscs:                    1
    disc:                          1
    format:                        CD
    isrc:                          FR9W12443201
    creation_time:                 2025-11-22T17:58:38
    REPLAYGAIN_TRACK_GAIN:         -8.31 dB
    R128_TRACK_GAIN:               -846
    REPLAYGAIN_TRACK_RANGE:        4.72 dB
    REPLAYGAIN_TRACK_PEAK:         0.987246
    REPLAYGAIN_REFERENCE_LOUDNESS: -18.00 LUFS

  Embedded cover art:
    Front: 600x600 Motion JPEG

  File(s):
    Tiakola - BDLM VOL. 1 [2024] [FLAC]/05. PROTECT.flac

Track 6 ripped and encoded successfully!
Summary:

  Integrated loudness:
    I:          -9.3 LUFS
    Threshold: -19.4 LUFS

  Loudness range:
    LRA:         3.4 LU
    Threshold: -29.4 LUFS
    LRA low:   -11.3 LUFS
    LRA high:   -8.0 LUFS

  Sample peak:
    Peak:       -0.3 dBFS

  True peak:
    Peak:       -0.1 dBFS

  Sample peak relative amplitude (calculated from ebur128 dBFS):
    Peak:        0.971436

  Sample peak relative amplitude (precise):
    Peak:        0.971436

  True peak relative amplitude (calculated from ebur128 dBFS):
    Peak:        0.988065

  Preemphasis:   none detected

  Properties:
    Duration:    00:03:55.933
    Samples:     10404660
    Frames:      17695
    Pregap LSN:  76520 (duration: 00:00:00.000)
    Start LSN:   76520
    End LSN:     94214 (with offset: 94215)

  EAC CRC32:     4D6ED3F5
  Accurip:       not found
    Accurip v1:  2FF25D8C
    Accurip v2:  28085313
    Accurip 450: 15B38EF9

  Metadata:
    mbid:                          7641f2ee-8310-40a1-9010-2f3306c42fae
    title:                         PSYCHOLOGIQUE
    artist:                        Tiakola
    track:                         6
    tracktotal:                    16
    disc_mcn:                      0000000000000
    musicbrainz_discid:            LWsQO_Vths7QDTwXE5MjOzM2YLM-
    cddb:                          B60D2E10
    media:                         CD
    comment:                       cyanrip 0.9.3-uf0.6
    date:                          2024-09-20
    musicbrainz_albumid:           3c424172-b85a-4789-9016-bbf513968f91
    album:                         BDLM VOL. 1
    barcode:                       5021732270917
    country:                       FR
    releasestatus:                 Official
    album_artist:                  Tiakola
    totaldiscs:                    1
    disc:                          1
    format:                        CD
    isrc:                          FR9W12443202
    creation_time:                 2025-11-22T18:00:14
    REPLAYGAIN_TRACK_GAIN:         -8.72 dB
    R128_TRACK_GAIN:               -953
    REPLAYGAIN_TRACK_RANGE:        3.35 dB
    REPLAYGAIN_TRACK_PEAK:         0.988065
    REPLAYGAIN_REFERENCE_LOUDNESS: -18.00 LUFS

  Embedded cover art:
    Front: 600x600 Motion JPEG

  File(s):
    Tiakola - BDLM VOL. 1 [2024] [FLAC]/06. PSYCHOLOGIQUE.flac

Track 7 ripped and encoded successfully!
Summary:

  Integrated loudness:
    I:          -9.3 LUFS
    Threshold: -19.3 LUFS

  Loudness range:
    LRA:         4.3 LU
    Threshold: -29.3 LUFS
    LRA low:   -12.0 LUFS
    LRA high:   -7.7 LUFS

  Sample peak:
    Peak:       -0.3 dBFS

  True peak:
    Peak:       -0.1 dBFS

  Sample peak relative amplitude (calculated from ebur128 dBFS):
    Peak:        0.971588

  Sample peak relative amplitude (precise):
    Peak:        0.971588

  True peak relative amplitude (calculated from ebur128 dBFS):
    Peak:        0.987580

  Preemphasis:   none detected

  Properties:
    Duration:    00:03:32.720
    Samples:     9380952
    Frames:      15954
    Pregap LSN:  94215 (duration: 00:00:00.000)
    Start LSN:   94215
    End LSN:     110168 (with offset: 110169)

  EAC CRC32:     4485657E
  Accurip:       not found
    Accurip v1:  B7C0D6DA
    Accurip v2:  ACA2E1E8
    Accurip 450: 1A159113

  Metadata:
    mbid:                          3c16daa2-ad57-4ff9-9544-398fa30a0e9e
    title:                         PLAISIR NOCIF
    artist:                        Tiakola, SDM & Liim's
    track:                         7
    tracktotal:                    16
    disc_mcn:                      0000000000000
    musicbrainz_discid:            LWsQO_Vths7QDTwXE5MjOzM2YLM-
    cddb:                          B60D2E10
    media:                         CD
    comment:                       cyanrip 0.9.3-uf0.6
    date:                          2024-09-20
    musicbrainz_albumid:           3c424172-b85a-4789-9016-bbf513968f91
    album:                         BDLM VOL. 1
    barcode:                       5021732270917
    country:                       FR
    releasestatus:                 Official
    album_artist:                  Tiakola
    totaldiscs:                    1
    disc:                          1
    format:                        CD
    isrc:                          FR9W12443203
    creation_time:                 2025-11-22T18:02:17
    REPLAYGAIN_TRACK_GAIN:         -8.72 dB
    R128_TRACK_GAIN:               -951
    REPLAYGAIN_TRACK_RANGE:        4.29 dB
    REPLAYGAIN_TRACK_PEAK:         0.987580
    REPLAYGAIN_REFERENCE_LOUDNESS: -18.00 LUFS

  Embedded cover art:
    Front: 600x600 Motion JPEG

  File(s):
    Tiakola - BDLM VOL. 1 [2024] [FLAC]/07. PLAISIR NOCIF.flac

Track 8 ripped and encoded successfully!
Summary:

  Integrated loudness:
    I:          -9.5 LUFS
    Threshold: -19.8 LUFS

  Loudness range:
    LRA:         6.9 LU
    Threshold: -29.7 LUFS
    LRA low:   -14.4 LUFS
    LRA high:   -7.6 LUFS

  Sample peak:
    Peak:       -0.3 dBFS

  True peak:
    Peak:       -0.1 dBFS

  Sample peak relative amplitude (calculated from ebur128 dBFS):
    Peak:        0.971222

  Sample peak relative amplitude (precise):
    Peak:        0.971222

  True peak relative amplitude (calculated from ebur128 dBFS):
    Peak:        0.988569

  Preemphasis:   none detected

  Properties:
    Duration:    00:03:11.813
    Samples:     8458968
    Frames:      14386
    Pregap LSN:  110169 (duration: 00:00:00.000)
    Start LSN:   110169
    End LSN:     124554 (with offset: 124555)

  EAC CRC32:     BF01461D
  Accurip:       not found
    Accurip v1:  654EB36C
    Accurip v2:  A90AA935
    Accurip 450: 486A786E

  Metadata:
    mbid:                          f5bb7c5b-a377-4166-9c75-89b47dd5e680
    title:                         PING PONG
    artist:                        Tiakola
    track:                         8
    tracktotal:                    16
    disc_mcn:                      0000000000000
    musicbrainz_discid:            LWsQO_Vths7QDTwXE5MjOzM2YLM-
    cddb:                          B60D2E10
    media:                         CD
    comment:                       cyanrip 0.9.3-uf0.6
    date:                          2024-09-20
    musicbrainz_albumid:           3c424172-b85a-4789-9016-bbf513968f91
    album:                         BDLM VOL. 1
    barcode:                       5021732270917
    country:                       FR
    releasestatus:                 Official
    album_artist:                  Tiakola
    totaldiscs:                    1
    disc:                          1
    format:                        CD
    isrc:                          FR9W12443204
    creation_time:                 2025-11-22T18:04:05
    REPLAYGAIN_TRACK_GAIN:         -8.52 dB
    R128_TRACK_GAIN:               -902
    REPLAYGAIN_TRACK_RANGE:        6.85 dB
    REPLAYGAIN_TRACK_PEAK:         0.988569
    REPLAYGAIN_REFERENCE_LOUDNESS: -18.00 LUFS

  Embedded cover art:
    Front: 600x600 Motion JPEG

  File(s):
    Tiakola - BDLM VOL. 1 [2024] [FLAC]/08. PING PONG.flac

Track 9 ripped and encoded successfully!
Summary:

  Integrated loudness:
    I:         -10.0 LUFS
    Threshold: -20.4 LUFS

  Loudness range:
    LRA:         6.6 LU
    Threshold: -30.3 LUFS
    LRA low:   -14.4 LUFS
    LRA high:   -7.8 LUFS

  Sample peak:
    Peak:       -0.3 dBFS

  True peak:
    Peak:       -0.1 dBFS

  Sample peak relative amplitude (calculated from ebur128 dBFS):
    Peak:        0.971527

  Sample peak relative amplitude (precise):
    Peak:        0.971527

  True peak relative amplitude (calculated from ebur128 dBFS):
    Peak:        0.987451

  Preemphasis:   none detected

  Properties:
    Duration:    00:03:27.853
    Samples:     9166332
    Frames:      15589
    Pregap LSN:  124555 (duration: 00:00:00.000)
    Start LSN:   124555
    End LSN:     140143 (with offset: 140144)

  EAC CRC32:     01CCCFD2
  Accurip:       not found
    Accurip v1:  8D364B19
    Accurip v2:  6D825C8C
    Accurip 450: BC51281C

  Metadata:
    mbid:                          57074892-1dc8-4db5-8112-1917dfbc4fe2
    title:                         MANON B
    artist:                        Tiakola, Ryflo, Oskoow & MC Cebezinho
    track:                         9
    tracktotal:                    16
    disc_mcn:                      0000000000000
    musicbrainz_discid:            LWsQO_Vths7QDTwXE5MjOzM2YLM-
    cddb:                          B60D2E10
    media:                         CD
    comment:                       cyanrip 0.9.3-uf0.6
    date:                          2024-09-20
    musicbrainz_albumid:           3c424172-b85a-4789-9016-bbf513968f91
    album:                         BDLM VOL. 1
    barcode:                       5021732270917
    country:                       FR
    releasestatus:                 Official
    album_artist:                  Tiakola
    totaldiscs:                    1
    disc:                          1
    format:                        CD
    isrc:                          FR9W12442972
    creation_time:                 2025-11-22T18:05:43
    REPLAYGAIN_TRACK_GAIN:         -8.01 dB
    R128_TRACK_GAIN:               -771
    REPLAYGAIN_TRACK_RANGE:        6.58 dB
    REPLAYGAIN_TRACK_PEAK:         0.987451
    REPLAYGAIN_REFERENCE_LOUDNESS: -18.00 LUFS

  Embedded cover art:
    Front: 600x600 Motion JPEG

  File(s):
    Tiakola - BDLM VOL. 1 [2024] [FLAC]/09. MANON B.flac

Track 10 ripped and encoded successfully!
Summary:

  Integrated loudness:
    I:          -9.4 LUFS
    Threshold: -19.8 LUFS

  Loudness range:
    LRA:         7.4 LU
    Threshold: -29.7 LUFS
    LRA low:   -15.4 LUFS
    LRA high:   -8.0 LUFS

  Sample peak:
    Peak:       -0.2 dBFS

  True peak:
    Peak:       -0.1 dBFS

  Sample peak relative amplitude (calculated from ebur128 dBFS):
    Peak:        0.971924

  Sample peak relative amplitude (precise):
    Peak:        0.971924

  True peak relative amplitude (calculated from ebur128 dBFS):
    Peak:        0.990513

  Preemphasis:   none detected

  Properties:
    Duration:    00:02:30.853
    Samples:     6652632
    Frames:      11314
    Pregap LSN:  140144 (duration: 00:00:00.000)
    Start LSN:   140144
    End LSN:     151457 (with offset: 151458)

  EAC CRC32:     5A638F31
  Accurip:       not found
    Accurip v1:  4D701D0A
    Accurip v2:  18309EC4
    Accurip 450: E8C3CCD9

  Metadata:
    mbid:                          3374e2cb-1675-4c90-97fb-13ddae138c49
    title:                         FORMIDABLE
    artist:                        Tiakola
    track:                         10
    tracktotal:                    16
    disc_mcn:                      0000000000000
    musicbrainz_discid:            LWsQO_Vths7QDTwXE5MjOzM2YLM-
    cddb:                          B60D2E10
    media:                         CD
    comment:                       cyanrip 0.9.3-uf0.6
    date:                          2024-09-20
    musicbrainz_albumid:           3c424172-b85a-4789-9016-bbf513968f91
    album:                         BDLM VOL. 1
    barcode:                       5021732270917
    country:                       FR
    releasestatus:                 Official
    album_artist:                  Tiakola
    totaldiscs:                    1
    disc:                          1
    format:                        CD
    isrc:                          FR9W12443206
    creation_time:                 2025-11-22T18:07:27
    REPLAYGAIN_TRACK_GAIN:         -8.60 dB
    R128_TRACK_GAIN:               -923
    REPLAYGAIN_TRACK_RANGE:        7.40 dB
    REPLAYGAIN_TRACK_PEAK:         0.990513
    REPLAYGAIN_REFERENCE_LOUDNESS: -18.00 LUFS

  Embedded cover art:
    Front: 600x600 Motion JPEG

  File(s):
    Tiakola - BDLM VOL. 1 [2024] [FLAC]/10. FORMIDABLE.flac

Track 11 ripped and encoded successfully!
Summary:

  Integrated loudness:
    I:          -9.6 LUFS
    Threshold: -19.8 LUFS

  Loudness range:
    LRA:         5.8 LU
    Threshold: -29.8 LUFS
    LRA low:   -13.8 LUFS
    LRA high:   -8.1 LUFS

  Sample peak:
    Peak:       -0.2 dBFS

  True peak:
    Peak:       -0.1 dBFS

  Sample peak relative amplitude (calculated from ebur128 dBFS):
    Peak:        0.972595

  Sample peak relative amplitude (precise):
    Peak:        0.972595

  True peak relative amplitude (calculated from ebur128 dBFS):
    Peak:        0.988352

  Preemphasis:   none detected

  Properties:
    Duration:    00:04:58.666
    Samples:     13171200
    Frames:      22400
    Pregap LSN:  151458 (duration: 00:00:00.000)
    Start LSN:   151458
    End LSN:     173857 (with offset: 173858)

  EAC CRC32:     DF141271
  Accurip:       not found
    Accurip v1:  B23D13CC
    Accurip v2:  9C3509DB
    Accurip 450: 7EDF9AA7

  Metadata:
    mbid:                          863e354d-21b9-4476-aa7f-2d1ecd4a3831
    title:                         FAST LIFE & FAMILLE
    artist:                        Tiakola, HK La Paille & Jolagreen23
    track:                         11
    tracktotal:                    16
    disc_mcn:                      0000000000000
    musicbrainz_discid:            LWsQO_Vths7QDTwXE5MjOzM2YLM-
    cddb:                          B60D2E10
    media:                         CD
    comment:                       cyanrip 0.9.3-uf0.6
    date:                          2024-09-20
    musicbrainz_albumid:           3c424172-b85a-4789-9016-bbf513968f91
    album:                         BDLM VOL. 1
    barcode:                       5021732270917
    country:                       FR
    releasestatus:                 Official
    album_artist:                  Tiakola
    totaldiscs:                    1
    disc:                          1
    format:                        CD
    isrc:                          FR9W12443207
    creation_time:                 2025-11-22T18:08:41
    REPLAYGAIN_TRACK_GAIN:         -8.42 dB
    R128_TRACK_GAIN:               -875
    REPLAYGAIN_TRACK_RANGE:        5.75 dB
    REPLAYGAIN_TRACK_PEAK:         0.988352
    REPLAYGAIN_REFERENCE_LOUDNESS: -18.00 LUFS

  Embedded cover art:
    Front: 600x600 Motion JPEG

  File(s):
    Tiakola - BDLM VOL. 1 [2024] [FLAC]/11. FAST LIFE & FAMILLE.flac

Track 12 ripped and encoded successfully!
Summary:

  Integrated loudness:
    I:          -9.9 LUFS
    Threshold: -20.3 LUFS

  Loudness range:
    LRA:        12.1 LU
    Threshold: -30.3 LUFS
    LRA low:   -19.9 LUFS
    LRA high:   -7.8 LUFS

  Sample peak:
    Peak:       -0.3 dBFS

  True peak:
    Peak:       -0.1 dBFS

  Sample peak relative amplitude (calculated from ebur128 dBFS):
    Peak:        0.970581

  Sample peak relative amplitude (precise):
    Peak:        0.970581

  True peak relative amplitude (calculated from ebur128 dBFS):
    Peak:        0.985909

  Preemphasis:   none detected

  Properties:
    Duration:    00:03:56.133
    Samples:     10413480
    Frames:      17710
    Pregap LSN:  173858 (duration: 00:00:00.000)
    Start LSN:   173858
    End LSN:     191567 (with offset: 191568)

  EAC CRC32:     8082C7FE
  Accurip:       not found
    Accurip v1:  8C88284E
    Accurip v2:  EFE9C9D7
    Accurip 450: 31D5BD23

  Metadata:
    mbid:                          d2d1b55e-b2c2-4065-9984-7961371a9b19
    title:                         RESTE-LÀ
    artist:                        Tiakola, RnBoi & Monsieur Nov
    track:                         12
    tracktotal:                    16
    disc_mcn:                      0000000000000
    musicbrainz_discid:            LWsQO_Vths7QDTwXE5MjOzM2YLM-
    cddb:                          B60D2E10
    media:                         CD
    comment:                       cyanrip 0.9.3-uf0.6
    date:                          2024-09-20
    musicbrainz_albumid:           3c424172-b85a-4789-9016-bbf513968f91
    album:                         BDLM VOL. 1
    barcode:                       5021732270917
    country:                       FR
    releasestatus:                 Official
    album_artist:                  Tiakola
    totaldiscs:                    1
    disc:                          1
    format:                        CD
    isrc:                          FR9W12443208
    creation_time:                 2025-11-22T18:11:05
    REPLAYGAIN_TRACK_GAIN:         -8.13 dB
    R128_TRACK_GAIN:               -802
    REPLAYGAIN_TRACK_RANGE:        12.13 dB
    REPLAYGAIN_TRACK_PEAK:         0.985909
    REPLAYGAIN_REFERENCE_LOUDNESS: -18.00 LUFS

  Embedded cover art:
    Front: 600x600 Motion JPEG

  File(s):
    Tiakola - BDLM VOL. 1 [2024] [FLAC]/12. RESTE-LÀ.flac

Track 13 ripped and encoded successfully!
Summary:

  Integrated loudness:
    I:          -9.1 LUFS
    Threshold: -19.4 LUFS

  Loudness range:
    LRA:        10.3 LU
    Threshold: -29.3 LUFS
    LRA low:   -17.9 LUFS
    LRA high:   -7.6 LUFS

  Sample peak:
    Peak:       -0.3 dBFS

  True peak:
    Peak:       -0.1 dBFS

  Sample peak relative amplitude (calculated from ebur128 dBFS):
    Peak:        0.970337

  Sample peak relative amplitude (precise):
    Peak:        0.970337

  True peak relative amplitude (calculated from ebur128 dBFS):
    Peak:        0.989117

  Preemphasis:   none detected

  Properties:
    Duration:    00:03:38.826
    Samples:     9650256
    Frames:      16412
    Pregap LSN:  191568 (duration: 00:00:00.000)
    Start LSN:   191568
    End LSN:     207979 (with offset: 207980)

  EAC CRC32:     B0634744
  Accurip:       not found
    Accurip v1:  4076C0E9
    Accurip v2:  E4AE08D4
    Accurip 450: 8AAC6E0A

  Metadata:
    mbid:                          3e6bfcdd-d25d-4c24-b232-1ec64008ef49
    title:                         Y.J (C'EST KO)
    artist:                        Tiakola & Ronisia
    track:                         13
    tracktotal:                    16
    disc_mcn:                      0000000000000
    musicbrainz_discid:            LWsQO_Vths7QDTwXE5MjOzM2YLM-
    cddb:                          B60D2E10
    media:                         CD
    comment:                       cyanrip 0.9.3-uf0.6
    date:                          2024-09-20
    musicbrainz_albumid:           3c424172-b85a-4789-9016-bbf513968f91
    album:                         BDLM VOL. 1
    barcode:                       5021732270917
    country:                       FR
    releasestatus:                 Official
    album_artist:                  Tiakola
    totaldiscs:                    1
    disc:                          1
    format:                        CD
    isrc:                          FR9W12443209
    creation_time:                 2025-11-22T18:12:57
    REPLAYGAIN_TRACK_GAIN:         -8.92 dB
    R128_TRACK_GAIN:               -1004
    REPLAYGAIN_TRACK_RANGE:        10.34 dB
    REPLAYGAIN_TRACK_PEAK:         0.989117
    REPLAYGAIN_REFERENCE_LOUDNESS: -18.00 LUFS

  Embedded cover art:
    Front: 600x600 Motion JPEG

  File(s):
    Tiakola - BDLM VOL. 1 [2024] [FLAC]/13. Y.J (C'EST KO).flac

Track 14 ripped and encoded successfully!
Summary:

  Integrated loudness:
    I:          -9.7 LUFS
    Threshold: -19.8 LUFS

  Loudness range:
    LRA:         7.2 LU
    Threshold: -29.8 LUFS
    LRA low:   -14.8 LUFS
    LRA high:   -7.6 LUFS

  Sample peak:
    Peak:       -0.3 dBFS

  True peak:
    Peak:       -0.1 dBFS

  Sample peak relative amplitude (calculated from ebur128 dBFS):
    Peak:        0.971344

  Sample peak relative amplitude (precise):
    Peak:        0.971344

  True peak relative amplitude (calculated from ebur128 dBFS):
    Peak:        0.987205

  Preemphasis:   none detected

  Properties:
    Duration:    00:03:47.373
    Samples:     10027164
    Frames:      17053
    Pregap LSN:  207980 (duration: 00:00:00.000)
    Start LSN:   207980
    End LSN:     225032 (with offset: 225033)

  EAC CRC32:     326EB588
  Accurip:       not found
    Accurip v1:  A2B0F212
    Accurip v2:  7663591A
    Accurip 450: 1B662994

  Metadata:
    mbid:                          0ae1dce7-e0c7-47a1-999a-a90d329f30c2
    title:                         1h55
    artist:                        Tiakola, RSKO & Hamza
    track:                         14
    tracktotal:                    16
    disc_mcn:                      0000000000000
    musicbrainz_discid:            LWsQO_Vths7QDTwXE5MjOzM2YLM-
    cddb:                          B60D2E10
    media:                         CD
    comment:                       cyanrip 0.9.3-uf0.6
    date:                          2024-09-20
    musicbrainz_albumid:           3c424172-b85a-4789-9016-bbf513968f91
    album:                         BDLM VOL. 1
    barcode:                       5021732270917
    country:                       FR
    releasestatus:                 Official
    album_artist:                  Tiakola
    totaldiscs:                    1
    disc:                          1
    format:                        CD
    isrc:                          FR9W12443210
    creation_time:                 2025-11-22T18:14:40
    REPLAYGAIN_TRACK_GAIN:         -8.32 dB
    R128_TRACK_GAIN:               -851
    REPLAYGAIN_TRACK_RANGE:        7.20 dB
    REPLAYGAIN_TRACK_PEAK:         0.987205
    REPLAYGAIN_REFERENCE_LOUDNESS: -18.00 LUFS

  Embedded cover art:
    Front: 600x600 Motion JPEG

  File(s):
    Tiakola - BDLM VOL. 1 [2024] [FLAC]/14. 1h55.flac

Track 15 ripped and encoded successfully!
Summary:

  Integrated loudness:
    I:          -9.4 LUFS
    Threshold: -19.4 LUFS

  Loudness range:
    LRA:         6.3 LU
    Threshold: -29.4 LUFS
    LRA low:   -13.3 LUFS
    LRA high:   -7.0 LUFS

  Sample peak:
    Peak:       -0.2 dBFS

  True peak:
    Peak:       -0.1 dBFS

  Sample peak relative amplitude (calculated from ebur128 dBFS):
    Peak:        0.972137

  Sample peak relative amplitude (precise):
    Peak:        0.972137

  True peak relative amplitude (calculated from ebur128 dBFS):
    Peak:        0.988189

  Preemphasis:   none detected

  Properties:
    Duration:    00:03:23.080
    Samples:     8955828
    Frames:      15231
    Pregap LSN:  225033 (duration: 00:00:00.000)
    Start LSN:   225033
    End LSN:     240263 (with offset: 240264)

  EAC CRC32:     EC8E80F4
  Accurip:       not found
    Accurip v1:  537DB4BA
    Accurip v2:  4EDEA8A7
    Accurip 450: 644231E9

  Metadata:
    mbid:                          9347b4bf-f491-42a3-86f1-45b0af677689
    title:                         GRAND PRIX
    artist:                        Tiakola, Jey Brownie & Sonny Rave
    track:                         15
    tracktotal:                    16
    disc_mcn:                      0000000000000
    musicbrainz_discid:            LWsQO_Vths7QDTwXE5MjOzM2YLM-
    cddb:                          B60D2E10
    media:                         CD
    comment:                       cyanrip 0.9.3-uf0.6
    date:                          2024-09-20
    musicbrainz_albumid:           3c424172-b85a-4789-9016-bbf513968f91
    album:                         BDLM VOL. 1
    barcode:                       5021732270917
    country:                       FR
    releasestatus:                 Official
    album_artist:                  Tiakola
    totaldiscs:                    1
    disc:                          1
    format:                        CD
    isrc:                          FR9W12443211
    creation_time:                 2025-11-22T18:16:25
    REPLAYGAIN_TRACK_GAIN:         -8.64 dB
    R128_TRACK_GAIN:               -932
    REPLAYGAIN_TRACK_RANGE:        6.33 dB
    REPLAYGAIN_TRACK_PEAK:         0.988189
    REPLAYGAIN_REFERENCE_LOUDNESS: -18.00 LUFS

  Embedded cover art:
    Front: 600x600 Motion JPEG

  File(s):
    Tiakola - BDLM VOL. 1 [2024] [FLAC]/15. GRAND PRIX.flac

Track 16 ripped and encoded successfully!
Summary:

  Integrated loudness:
    I:         -11.1 LUFS
    Threshold: -21.3 LUFS

  Loudness range:
    LRA:         6.1 LU
    Threshold: -31.3 LUFS
    LRA low:   -15.1 LUFS
    LRA high:   -9.0 LUFS

  Sample peak:
    Peak:       -0.2 dBFS

  True peak:
    Peak:       -0.1 dBFS

  Sample peak relative amplitude (calculated from ebur128 dBFS):
    Peak:        0.971741

  Sample peak relative amplitude (precise):
    Peak:        0.971741

  True peak relative amplitude (calculated from ebur128 dBFS):
    Peak:        0.989826

  Preemphasis:   none detected

  Properties:
    Duration:    00:02:51.440
    Samples:     7560504
    Frames:      12858
    Pregap LSN:  240264 (duration: 00:00:00.000)
    Start LSN:   240264
    End LSN:     253121
    Appended:    1 frames of silence

  EAC CRC32:     7697C6F1
  Accurip:       not found
    Accurip v1:  DD5709E2
    Accurip v2:  8EB13670
    Accurip 450: 695C7FD2

  Metadata:
    mbid:                          5cf9afaf-cf3b-47f9-ac9e-641ed9d63921
    title:                         DERNIERE DANSE
    artist:                        Tiakola, Zed & Cheu-B
    track:                         16
    tracktotal:                    16
    disc_mcn:                      0000000000000
    musicbrainz_discid:            LWsQO_Vths7QDTwXE5MjOzM2YLM-
    cddb:                          B60D2E10
    media:                         CD
    comment:                       cyanrip 0.9.3-uf0.6
    date:                          2024-09-20
    musicbrainz_albumid:           3c424172-b85a-4789-9016-bbf513968f91
    album:                         BDLM VOL. 1
    barcode:                       5021732270917
    country:                       FR
    releasestatus:                 Official
    album_artist:                  Tiakola
    totaldiscs:                    1
    disc:                          1
    format:                        CD
    isrc:                          FR9W12442589
    creation_time:                 2025-11-22T18:17:56
    REPLAYGAIN_TRACK_GAIN:         -6.87 dB
    R128_TRACK_GAIN:               -479
    REPLAYGAIN_TRACK_RANGE:        6.07 dB
    REPLAYGAIN_TRACK_PEAK:         0.989826
    REPLAYGAIN_REFERENCE_LOUDNESS: -18.00 LUFS

  Embedded cover art:
    Front: 600x600 Motion JPEG

  File(s):
    Tiakola - BDLM VOL. 1 [2024] [FLAC]/16. DERNIERE DANSE.flac

Album Loudness Summary:

  Integrated loudness:
    I:          -9.7 LUFS
    Threshold: -19.9 LUFS

  Loudness range:
    LRA:         5.9 LU
    Threshold: -29.9 LUFS
    LRA low:   -13.7 LUFS
    LRA high:   -7.8 LUFS

  Sample peak:
    Peak:       -0.2 dBFS

  True peak:
    Peak:       -0.1 dBFS

Paranoia status counts:
  READ:          20749
  VERIFY:        1527
  OVERLAP:       435

Ripping errors: 0
Ripping finished at 2025-11-22T18:19:13
Log FUN512: SadFKPp55f90QtwDVV39J3c7GBFBU.KA_0.XpCoSfOWu8ETIDL0WkRUMNo8ZdqdBWh0dRNvxgKiaBTGhDvLKKw
