cyanrip 0.9.3-uf0.6 (2a4f3bf)
Drive used:     HL-DT-ST DVDRAM GP60NB60  (revision RF01)
System device:  /dev/cdrom
Device model:   HL-DT-ST DVDRAM GP60NB60  RF01 SCSI CD-ROM
Offset:         +6 samples
Overread:       +1 frame
Overread mode:  fill with silence in lead-in/lead-out
Speed:          default (unchangeable)
C2 errors:      supported by drive
Paranoia level: max
Frame retries:  10
HDCD decoding:  disabled
Album Art:      Front (From: Cover Art DB)
Outputs:        flac
Disc number:    1
Total discs:    1
Disc tracks:    10
Tracks to rip:  all
DiscID:         GbmhRkdaNZZccRe9qxHIiGYkJQY-
Release ID:     de558af6-95a6-449a-b14b-831c733a1b44
CDDB ID:        6A0A5A0A
Disc MCN:       4050538661590
Album:          Hotel Surrender
Album artist:   Chet Faker
AccurateRip:    found
Total time:     00:44:10.053

Gaps:
    0 frame pregap in track 1, unmerged
    0 frame pregap in track 2, merging into track 1
    0 frame pregap in track 3, merging into track 2
    0 frame pregap in track 4, merging into track 3
    0 frame pregap in track 5, merging into track 4
    0 frame pregap in track 6, merging into track 5
    0 frame pregap in track 7, merging into track 6
    0 frame pregap in track 8, merging into track 7
    0 frame pregap in track 9, merging into track 8
    0 frame pregap in track 10, merging into track 9

Cover art destination(s):
    Chet Faker - Hotel Surrender [2021-07-16] [CD FLAC]/Front.jpg

Tracks:
Track 1 ripped and encoded successfully!
Summary:

  Integrated loudness:
    I:         -11.2 LUFS
    Threshold: -21.8 LUFS

  Loudness range:
    LRA:         8.2 LU
    Threshold: -31.7 LUFS
    LRA low:   -17.4 LUFS
    LRA high:   -9.1 LUFS

  Sample peak:
    Peak:       -0.3 dBFS

  True peak:
    Peak:        0.5 dBFS

  Sample peak relative amplitude (calculated from ebur128 dBFS):
    Peak:        0.965240

  Sample peak relative amplitude (precise):
    Peak:        0.965240

  True peak relative amplitude (calculated from ebur128 dBFS):
    Peak:        1.055902

  Preemphasis:   none detected

  Properties:
    Duration:    00:05:51.133
    Samples:     15484980
    Frames:      26335
    Pregap LSN:  0 (duration: 00:00:02.000)
    Start LSN:   0
    End LSN:     26334 (with offset: 26335)

  EAC CRC32:     5BE8C13B
  Accurip:       disc found in database (max confidence: 15)
    Accurip v1:  B429E30E
    Accurip v2:  35CB40BB (accurately ripped, confidence 15)

  Metadata:
    mbid:                          d238bba8-2ca5-4566-9f7b-62df7faeebb6
    title:                         Oh Me Oh My
    artist:                        Chet Faker
    track:                         1
    tracktotal:                    10
    disc_mcn:                      4050538661590
    musicbrainz_discid:            GbmhRkdaNZZccRe9qxHIiGYkJQY-
    cddb:                          6A0A5A0A
    media:                         CD
    comment:                       cyanrip 0.9.3-uf0.6
    date:                          2021-07-16
    musicbrainz_albumid:           de558af6-95a6-449a-b14b-831c733a1b44
    album:                         Hotel Surrender
    barcode:                       4050538661590
    packaging:                     Gatefold Cover
    releasestatus:                 Official
    album_artist:                  Chet Faker
    totaldiscs:                    1
    disc:                          1
    format:                        CD
    isrc:                          AUOXM2100119
    creation_time:                 2025-11-29T19:14:50
    REPLAYGAIN_TRACK_GAIN:         -6.81 dB
    R128_TRACK_GAIN:               -463
    REPLAYGAIN_TRACK_RANGE:        8.21 dB
    REPLAYGAIN_TRACK_PEAK:         1.055902
    REPLAYGAIN_REFERENCE_LOUDNESS: -18.00 LUFS

  Embedded cover art:
    Front: 500x500 Motion JPEG

  File(s):
    Chet Faker - Hotel Surrender [2021-07-16] [CD FLAC]/01. Oh Me Oh My.flac

Track 2 ripped and encoded successfully!
Summary:

  Integrated loudness:
    I:         -10.5 LUFS
    Threshold: -20.8 LUFS

  Loudness range:
    LRA:         4.1 LU
    Threshold: -30.7 LUFS
    LRA low:   -13.2 LUFS
    LRA high:   -9.0 LUFS

  Sample peak:
    Peak:       -0.3 dBFS

  True peak:
    Peak:        0.5 dBFS

  Sample peak relative amplitude (calculated from ebur128 dBFS):
    Peak:        0.965088

  Sample peak relative amplitude (precise):
    Peak:        0.965088

  True peak relative amplitude (calculated from ebur128 dBFS):
    Peak:        1.058671

  Preemphasis:   none detected

  Properties:
    Duration:    00:04:34.426
    Samples:     12102216
    Frames:      20582
    Pregap LSN:  26335 (duration: 00:00:00.000)
    Start LSN:   26335
    End LSN:     46916 (with offset: 46917)

  EAC CRC32:     C5118073
  Accurip:       disc found in database (max confidence: 15)
    Accurip v1:  09303790
    Accurip v2:  5F188FBA (accurately ripped, confidence 15)

  Metadata:
    mbid:                          21f05313-b5ec-4479-acf4-b29da5e61048
    title:                         Low
    artist:                        Chet Faker
    track:                         2
    tracktotal:                    10
    disc_mcn:                      4050538661590
    musicbrainz_discid:            GbmhRkdaNZZccRe9qxHIiGYkJQY-
    cddb:                          6A0A5A0A
    media:                         CD
    comment:                       cyanrip 0.9.3-uf0.6
    date:                          2021-07-16
    musicbrainz_albumid:           de558af6-95a6-449a-b14b-831c733a1b44
    album:                         Hotel Surrender
    barcode:                       4050538661590
    packaging:                     Gatefold Cover
    releasestatus:                 Official
    album_artist:                  Chet Faker
    totaldiscs:                    1
    disc:                          1
    format:                        CD
    isrc:                          AUOXM2100278
    creation_time:                 2025-11-29T19:19:17
    REPLAYGAIN_TRACK_GAIN:         -7.48 dB
    R128_TRACK_GAIN:               -635
    REPLAYGAIN_TRACK_RANGE:        4.14 dB
    REPLAYGAIN_TRACK_PEAK:         1.058671
    REPLAYGAIN_REFERENCE_LOUDNESS: -18.00 LUFS

  Embedded cover art:
    Front: 500x500 Motion JPEG

  File(s):
    Chet Faker - Hotel Surrender [2021-07-16] [CD FLAC]/02. Low.flac

Track 3 ripped and encoded successfully!
Summary:

  Integrated loudness:
    I:         -10.1 LUFS
    Threshold: -20.2 LUFS

  Loudness range:
    LRA:         4.4 LU
    Threshold: -30.1 LUFS
    LRA low:   -12.8 LUFS
    LRA high:   -8.4 LUFS

  Sample peak:
    Peak:       -0.3 dBFS

  True peak:
    Peak:        0.3 dBFS

  Sample peak relative amplitude (calculated from ebur128 dBFS):
    Peak:        0.965027

  Sample peak relative amplitude (precise):
    Peak:        0.965027

  True peak relative amplitude (calculated from ebur128 dBFS):
    Peak:        1.030437

  Preemphasis:   none detected

  Properties:
    Duration:    00:03:42.933
    Samples:     9831360
    Frames:      16720
    Pregap LSN:  46917 (duration: 00:00:00.000)
    Start LSN:   46917
    End LSN:     63636 (with offset: 63637)

  EAC CRC32:     A7654B12
  Accurip:       disc found in database (max confidence: 15)
    Accurip v1:  33D66A60
    Accurip v2:  4F3CAFBC (accurately ripped, confidence 15)

  Metadata:
    mbid:                          40ef2688-9cfe-4560-a0cd-c728bf1ead77
    title:                         Get High
    artist:                        Chet Faker
    track:                         3
    tracktotal:                    10
    disc_mcn:                      4050538661590
    musicbrainz_discid:            GbmhRkdaNZZccRe9qxHIiGYkJQY-
    cddb:                          6A0A5A0A
    media:                         CD
    comment:                       cyanrip 0.9.3-uf0.6
    date:                          2021-07-16
    musicbrainz_albumid:           de558af6-95a6-449a-b14b-831c733a1b44
    album:                         Hotel Surrender
    barcode:                       4050538661590
    packaging:                     Gatefold Cover
    releasestatus:                 Official
    album_artist:                  Chet Faker
    totaldiscs:                    1
    disc:                          1
    format:                        CD
    isrc:                          AUOXM2100279
    creation_time:                 2025-11-29T19:22:39
    REPLAYGAIN_TRACK_GAIN:         -7.91 dB
    R128_TRACK_GAIN:               -745
    REPLAYGAIN_TRACK_RANGE:        4.43 dB
    REPLAYGAIN_TRACK_PEAK:         1.030437
    REPLAYGAIN_REFERENCE_LOUDNESS: -18.00 LUFS

  Embedded cover art:
    Front: 500x500 Motion JPEG

  File(s):
    Chet Faker - Hotel Surrender [2021-07-16] [CD FLAC]/03. Get High.flac

Track 4 ripped and encoded successfully!
Summary:

  Integrated loudness:
    I:         -11.8 LUFS
    Threshold: -22.2 LUFS

  Loudness range:
    LRA:        10.2 LU
    Threshold: -32.1 LUFS
    LRA low:   -19.1 LUFS
    LRA high:   -8.9 LUFS

  Sample peak:
    Peak:       -0.3 dBFS

  True peak:
    Peak:        0.5 dBFS

  Sample peak relative amplitude (calculated from ebur128 dBFS):
    Peak:        0.964935

  Sample peak relative amplitude (precise):
    Peak:        0.964935

  True peak relative amplitude (calculated from ebur128 dBFS):
    Peak:        1.058583

  Preemphasis:   none detected

  Properties:
    Duration:    00:04:58.186
    Samples:     13150032
    Frames:      22364
    Pregap LSN:  63637 (duration: 00:00:00.000)
    Start LSN:   63637
    End LSN:     86000 (with offset: 86001)

  EAC CRC32:     CC517109
  Accurip:       disc found in database (max confidence: 15)
    Accurip v1:  D16FD9DC
    Accurip v2:  3232CC39 (accurately ripped, confidence 15)

  Metadata:
    mbid:                          d8784d0b-bd5e-44e1-81cd-60aec4fb9b6b
    title:                         Whatever Tomorrow
    artist:                        Chet Faker
    track:                         4
    tracktotal:                    10
    disc_mcn:                      4050538661590
    musicbrainz_discid:            GbmhRkdaNZZccRe9qxHIiGYkJQY-
    cddb:                          6A0A5A0A
    media:                         CD
    comment:                       cyanrip 0.9.3-uf0.6
    date:                          2021-07-16
    musicbrainz_albumid:           de558af6-95a6-449a-b14b-831c733a1b44
    album:                         Hotel Surrender
    barcode:                       4050538661590
    packaging:                     Gatefold Cover
    releasestatus:                 Official
    album_artist:                  Chet Faker
    totaldiscs:                    1
    disc:                          1
    format:                        CD
    isrc:                          AUOXM2100280
    creation_time:                 2025-11-29T19:25:11
    REPLAYGAIN_TRACK_GAIN:         -6.19 dB
    R128_TRACK_GAIN:               -305
    REPLAYGAIN_TRACK_RANGE:        10.20 dB
    REPLAYGAIN_TRACK_PEAK:         1.058583
    REPLAYGAIN_REFERENCE_LOUDNESS: -18.00 LUFS

  Embedded cover art:
    Front: 500x500 Motion JPEG

  File(s):
    Chet Faker - Hotel Surrender [2021-07-16] [CD FLAC]/04. Whatever Tomorrow.flac

Track 5 ripped and encoded successfully!
Summary:

  Integrated loudness:
    I:         -10.7 LUFS
    Threshold: -20.8 LUFS

  Loudness range:
    LRA:         6.4 LU
    Threshold: -30.7 LUFS
    LRA low:   -15.2 LUFS
    LRA high:   -8.8 LUFS

  Sample peak:
    Peak:       -0.3 dBFS

  True peak:
    Peak:        0.3 dBFS

  Sample peak relative amplitude (calculated from ebur128 dBFS):
    Peak:        0.965302

  Sample peak relative amplitude (precise):
    Peak:        0.965302

  True peak relative amplitude (calculated from ebur128 dBFS):
    Peak:        1.035604

  Preemphasis:   none detected

  Properties:
    Duration:    00:04:26.560
    Samples:     11755296
    Frames:      19992
    Pregap LSN:  86001 (duration: 00:00:00.000)
    Start LSN:   86001
    End LSN:     105992 (with offset: 105993)

  EAC CRC32:     9927EC72
  Accurip:       disc found in database (max confidence: 15)
    Accurip v1:  7C8B97CC
    Accurip v2:  834A8186 (accurately ripped, confidence 15)

  Metadata:
    mbid:                          09c2dc8d-7244-48d2-ae67-ba01babb9748
    title:                         It’s Not You
    artist:                        Chet Faker
    track:                         5
    tracktotal:                    10
    disc_mcn:                      4050538661590
    musicbrainz_discid:            GbmhRkdaNZZccRe9qxHIiGYkJQY-
    cddb:                          6A0A5A0A
    media:                         CD
    comment:                       cyanrip 0.9.3-uf0.6
    date:                          2021-07-16
    musicbrainz_albumid:           de558af6-95a6-449a-b14b-831c733a1b44
    album:                         Hotel Surrender
    barcode:                       4050538661590
    packaging:                     Gatefold Cover
    releasestatus:                 Official
    album_artist:                  Chet Faker
    totaldiscs:                    1
    disc:                          1
    format:                        CD
    isrc:                          AUOXM2100281
    creation_time:                 2025-11-29T19:28:26
    REPLAYGAIN_TRACK_GAIN:         -7.34 dB
    R128_TRACK_GAIN:               -598
    REPLAYGAIN_TRACK_RANGE:        6.40 dB
    REPLAYGAIN_TRACK_PEAK:         1.035604
    REPLAYGAIN_REFERENCE_LOUDNESS: -18.00 LUFS

  Embedded cover art:
    Front: 500x500 Motion JPEG

  File(s):
    Chet Faker - Hotel Surrender [2021-07-16] [CD FLAC]/05. It’s Not You.flac

Track 6 ripped and encoded successfully!
Summary:

  Integrated loudness:
    I:         -10.7 LUFS
    Threshold: -20.8 LUFS

  Loudness range:
    LRA:         5.1 LU
    Threshold: -30.7 LUFS
    LRA low:   -13.6 LUFS
    LRA high:   -8.5 LUFS

  Sample peak:
    Peak:       -0.3 dBFS

  True peak:
    Peak:        0.3 dBFS

  Sample peak relative amplitude (calculated from ebur128 dBFS):
    Peak:        0.965302

  Sample peak relative amplitude (precise):
    Peak:        0.965302

  True peak relative amplitude (calculated from ebur128 dBFS):
    Peak:        1.031406

  Preemphasis:   none detected

  Properties:
    Duration:    00:03:24.760
    Samples:     9029916
    Frames:      15357
    Pregap LSN:  105993 (duration: 00:00:00.000)
    Start LSN:   105993
    End LSN:     121349 (with offset: 121350)

  EAC CRC32:     84D14054
  Accurip:       disc found in database (max confidence: 15)
    Accurip v1:  CB55DDFB
    Accurip v2:  E5DF59AE (accurately ripped, confidence 15)

  Metadata:
    mbid:                          8929c134-e78d-4aeb-974b-b4bafe434b1b
    title:                         Peace of Mind
    artist:                        Chet Faker
    track:                         6
    tracktotal:                    10
    disc_mcn:                      4050538661590
    musicbrainz_discid:            GbmhRkdaNZZccRe9qxHIiGYkJQY-
    cddb:                          6A0A5A0A
    media:                         CD
    comment:                       cyanrip 0.9.3-uf0.6
    date:                          2021-07-16
    musicbrainz_albumid:           de558af6-95a6-449a-b14b-831c733a1b44
    album:                         Hotel Surrender
    barcode:                       4050538661590
    packaging:                     Gatefold Cover
    releasestatus:                 Official
    album_artist:                  Chet Faker
    totaldiscs:                    1
    disc:                          1
    format:                        CD
    isrc:                          AUOXM2100282
    creation_time:                 2025-11-29T19:31:18
    REPLAYGAIN_TRACK_GAIN:         -7.35 dB
    R128_TRACK_GAIN:               -601
    REPLAYGAIN_TRACK_RANGE:        5.09 dB
    REPLAYGAIN_TRACK_PEAK:         1.031406
    REPLAYGAIN_REFERENCE_LOUDNESS: -18.00 LUFS

  Embedded cover art:
    Front: 500x500 Motion JPEG

  File(s):
    Chet Faker - Hotel Surrender [2021-07-16] [CD FLAC]/06. Peace of Mind.flac

Track 7 ripped and encoded successfully!
Summary:

  Integrated loudness:
    I:          -9.6 LUFS
    Threshold: -19.9 LUFS

  Loudness range:
    LRA:         6.0 LU
    Threshold: -29.8 LUFS
    LRA low:   -13.6 LUFS
    LRA high:   -7.7 LUFS

  Sample peak:
    Peak:       -0.3 dBFS

  True peak:
    Peak:        0.4 dBFS

  Sample peak relative amplitude (calculated from ebur128 dBFS):
    Peak:        0.965027

  Sample peak relative amplitude (precise):
    Peak:        0.965027

  True peak relative amplitude (calculated from ebur128 dBFS):
    Peak:        1.051592

  Preemphasis:   none detected

  Properties:
    Duration:    00:03:04.306
    Samples:     8127924
    Frames:      13823
    Pregap LSN:  121350 (duration: 00:00:00.000)
    Start LSN:   121350
    End LSN:     135172 (with offset: 135173)

  EAC CRC32:     5845C1FB
  Accurip:       disc found in database (max confidence: 15)
    Accurip v1:  CCF9E29B
    Accurip v2:  98687088 (accurately ripped, confidence 15)

  Metadata:
    mbid:                          b0f3c4eb-2e79-47de-b2bb-af3aded9c370
    title:                         Feel Good
    artist:                        Chet Faker
    track:                         7
    tracktotal:                    10
    disc_mcn:                      4050538661590
    musicbrainz_discid:            GbmhRkdaNZZccRe9qxHIiGYkJQY-
    cddb:                          6A0A5A0A
    media:                         CD
    comment:                       cyanrip 0.9.3-uf0.6
    date:                          2021-07-16
    musicbrainz_albumid:           de558af6-95a6-449a-b14b-831c733a1b44
    album:                         Hotel Surrender
    barcode:                       4050538661590
    packaging:                     Gatefold Cover
    releasestatus:                 Official
    album_artist:                  Chet Faker
    totaldiscs:                    1
    disc:                          1
    format:                        CD
    isrc:                          AUOXM2100283
    creation_time:                 2025-11-29T19:33:24
    REPLAYGAIN_TRACK_GAIN:         -8.35 dB
    R128_TRACK_GAIN:               -859
    REPLAYGAIN_TRACK_RANGE:        5.95 dB
    REPLAYGAIN_TRACK_PEAK:         1.051592
    REPLAYGAIN_REFERENCE_LOUDNESS: -18.00 LUFS

  Embedded cover art:
    Front: 500x500 Motion JPEG

  File(s):
    Chet Faker - Hotel Surrender [2021-07-16] [CD FLAC]/07. Feel Good.flac

Track 8 ripped and encoded successfully!
Summary:

  Integrated loudness:
    I:         -12.5 LUFS
    Threshold: -22.7 LUFS

  Loudness range:
    LRA:         7.7 LU
    Threshold: -32.7 LUFS
    LRA low:   -17.7 LUFS
    LRA high:  -10.0 LUFS

  Sample peak:
    Peak:       -0.3 dBFS

  True peak:
    Peak:        0.4 dBFS

  Sample peak relative amplitude (calculated from ebur128 dBFS):
    Peak:        0.965118

  Sample peak relative amplitude (precise):
    Peak:        0.965118

  True peak relative amplitude (calculated from ebur128 dBFS):
    Peak:        1.052112

  Preemphasis:   none detected

  Properties:
    Duration:    00:05:09.186
    Samples:     13635132
    Frames:      23189
    Pregap LSN:  135173 (duration: 00:00:00.000)
    Start LSN:   135173
    End LSN:     158361 (with offset: 158362)

  EAC CRC32:     A4CE1395
  Accurip:       disc found in database (max confidence: 15)
    Accurip v1:  A8575CB0
    Accurip v2:  CF431663 (accurately ripped, confidence 15)

  Metadata:
    mbid:                          a0856cd0-2ff9-4a01-a559-13d24abad7d4
    title:                         I Must Be Stupid
    artist:                        Chet Faker
    track:                         8
    tracktotal:                    10
    disc_mcn:                      4050538661590
    musicbrainz_discid:            GbmhRkdaNZZccRe9qxHIiGYkJQY-
    cddb:                          6A0A5A0A
    media:                         CD
    comment:                       cyanrip 0.9.3-uf0.6
    date:                          2021-07-16
    musicbrainz_albumid:           de558af6-95a6-449a-b14b-831c733a1b44
    album:                         Hotel Surrender
    barcode:                       4050538661590
    packaging:                     Gatefold Cover
    releasestatus:                 Official
    album_artist:                  Chet Faker
    totaldiscs:                    1
    disc:                          1
    format:                        CD
    isrc:                          AUOXM2100284
    creation_time:                 2025-11-29T19:35:15
    REPLAYGAIN_TRACK_GAIN:         -5.48 dB
    R128_TRACK_GAIN:               -124
    REPLAYGAIN_TRACK_RANGE:        7.68 dB
    REPLAYGAIN_TRACK_PEAK:         1.052112
    REPLAYGAIN_REFERENCE_LOUDNESS: -18.00 LUFS

  Embedded cover art:
    Front: 500x500 Motion JPEG

  File(s):
    Chet Faker - Hotel Surrender [2021-07-16] [CD FLAC]/08. I Must Be Stupid.flac

Track 9 ripped and encoded successfully!
Summary:

  Integrated loudness:
    I:         -11.9 LUFS
    Threshold: -22.0 LUFS

  Loudness range:
    LRA:         6.4 LU
    Threshold: -32.0 LUFS
    LRA low:   -16.0 LUFS
    LRA high:   -9.6 LUFS

  Sample peak:
    Peak:       -0.3 dBFS

  True peak:
    Peak:        0.1 dBFS

  Sample peak relative amplitude (calculated from ebur128 dBFS):
    Peak:        0.965240

  Sample peak relative amplitude (precise):
    Peak:        0.965240

  True peak relative amplitude (calculated from ebur128 dBFS):
    Peak:        1.008749

  Preemphasis:   none detected

  Properties:
    Duration:    00:03:48.560
    Samples:     10079496
    Frames:      17142
    Pregap LSN:  158362 (duration: 00:00:00.000)
    Start LSN:   158362
    End LSN:     175503 (with offset: 175504)

  EAC CRC32:     7D5CD355
  Accurip:       disc found in database (max confidence: 15)
    Accurip v1:  097352B9
    Accurip v2:  72010683 (accurately ripped, confidence 15)

  Metadata:
    mbid:                          f186bfdb-158f-4ea6-8e51-f1265656e62d
    title:                         So Long So Lonely
    artist:                        Chet Faker
    track:                         9
    tracktotal:                    10
    disc_mcn:                      4050538661590
    musicbrainz_discid:            GbmhRkdaNZZccRe9qxHIiGYkJQY-
    cddb:                          6A0A5A0A
    media:                         CD
    comment:                       cyanrip 0.9.3-uf0.6
    date:                          2021-07-16
    musicbrainz_albumid:           de558af6-95a6-449a-b14b-831c733a1b44
    album:                         Hotel Surrender
    barcode:                       4050538661590
    packaging:                     Gatefold Cover
    releasestatus:                 Official
    album_artist:                  Chet Faker
    totaldiscs:                    1
    disc:                          1
    format:                        CD
    isrc:                          AUOXM2100285
    creation_time:                 2025-11-29T19:38:16
    REPLAYGAIN_TRACK_GAIN:         -6.13 dB
    R128_TRACK_GAIN:               -288
    REPLAYGAIN_TRACK_RANGE:        6.36 dB
    REPLAYGAIN_TRACK_PEAK:         1.008749
    REPLAYGAIN_REFERENCE_LOUDNESS: -18.00 LUFS

  Embedded cover art:
    Front: 500x500 Motion JPEG

  File(s):
    Chet Faker - Hotel Surrender [2021-07-16] [CD FLAC]/09. So Long So Lonely.flac

Track 10 ripped and encoded successfully!
Summary:

  Integrated loudness:
    I:         -11.0 LUFS
    Threshold: -21.9 LUFS

  Loudness range:
    LRA:         9.1 LU
    Threshold: -31.9 LUFS
    LRA low:   -18.0 LUFS
    LRA high:   -8.9 LUFS

  Sample peak:
    Peak:       -0.3 dBFS

  True peak:
    Peak:        0.6 dBFS

  Sample peak relative amplitude (calculated from ebur128 dBFS):
    Peak:        0.965332

  Sample peak relative amplitude (precise):
    Peak:        0.965332

  True peak relative amplitude (calculated from ebur128 dBFS):
    Peak:        1.069140

  Preemphasis:   none detected

  Properties:
    Duration:    00:05:10.000
    Samples:     13671000
    Frames:      23250
    Pregap LSN:  175504 (duration: 00:00:00.000)
    Start LSN:   175504
    End LSN:     198753
    Appended:    1 frames of silence

  EAC CRC32:     08B71695
  Accurip:       disc found in database (max confidence: 15)
    Accurip v1:  7AD0F890
    Accurip v2:  3FA6E08F (accurately ripped, confidence 15)

  Metadata:
    mbid:                          beb7af9a-dab7-4a13-86fc-721e76d130f8
    title:                         In Too Far
    artist:                        Chet Faker
    track:                         10
    tracktotal:                    10
    disc_mcn:                      4050538661590
    musicbrainz_discid:            GbmhRkdaNZZccRe9qxHIiGYkJQY-
    cddb:                          6A0A5A0A
    media:                         CD
    comment:                       cyanrip 0.9.3-uf0.6
    date:                          2021-07-16
    musicbrainz_albumid:           de558af6-95a6-449a-b14b-831c733a1b44
    album:                         Hotel Surrender
    barcode:                       4050538661590
    packaging:                     Gatefold Cover
    releasestatus:                 Official
    album_artist:                  Chet Faker
    totaldiscs:                    1
    disc:                          1
    format:                        CD
    isrc:                          AUOXM2100286
    creation_time:                 2025-11-29T19:40:29
    REPLAYGAIN_TRACK_GAIN:         -6.95 dB
    R128_TRACK_GAIN:               -499
    REPLAYGAIN_TRACK_RANGE:        9.07 dB
    REPLAYGAIN_TRACK_PEAK:         1.069140
    REPLAYGAIN_REFERENCE_LOUDNESS: -18.00 LUFS

  Embedded cover art:
    Front: 500x500 Motion JPEG

  File(s):
    Chet Faker - Hotel Surrender [2021-07-16] [CD FLAC]/10. In Too Far.flac

Album Loudness Summary:

  Integrated loudness:
    I:         -11.0 LUFS
    Threshold: -21.3 LUFS

  Loudness range:
    LRA:         8.2 LU
    Threshold: -31.3 LUFS
    LRA low:   -16.9 LUFS
    LRA high:   -8.7 LUFS

  Sample peak:
    Peak:       -0.3 dBFS

  True peak:
    Peak:        0.6 dBFS

Tracks ripped accurately: 10/10

Paranoia status counts:
  READ:          16147
  VERIFY:        1101
  OVERLAP:       325

Ripping errors: 0
Ripping finished at 2025-11-29T19:43:21
Log FUN512: 8iA2CWnTvN2jqXZbdu4uARebmzvrOk6BMqIs.prkz4ZoPy4yfUGnBYAx2gv59sTFLBFcbaSYI26rx0ecNJdukw
