cyanrip 0.9.3-uf0.6 (2a4f3bf)
Drive used:     HL-DT-ST DVDRAM GP60NB60  (revision RF01)
System device:  /dev/cdrom
Device model:   HL-DT-ST DVDRAM GP60NB60  RF01 SCSI CD-ROM
Offset:         +6 samples
Overread:       +1 frame
Overread mode:  fill with silence in lead-in/lead-out
Speed:          default (unchangeable)
C2 errors:      supported by drive
Paranoia level: max
Frame retries:  10
HDCD decoding:  disabled
Album Art:      none
Outputs:        flac
Disc number:    1
Total discs:    1
Disc tracks:    8
Tracks to rip:  all
DiscID:         b1uLSfmaM9mVCt.VhZDi433inT4-
Release ID:     5c6104a8-bd96-4d96-9cbd-491eb7919ab9
CDDB ID:        6E0A7B08
Disc MCN:       0000000000000
Album:          666 Tours De Périph'
Album artist:   Jessica93
AccurateRip:    not found
Total time:     00:44:43.573

Gaps:
    0 frame pregap in track 1, unmerged
    0 frame pregap in track 2, merging into track 1
    0 frame pregap in track 3, merging into track 2
    0 frame pregap in track 4, merging into track 3
    0 frame pregap in track 5, merging into track 4
    0 frame pregap in track 6, merging into track 5
    0 frame pregap in track 7, merging into track 6
    0 frame pregap in track 8, merging into track 7

Tracks:
Track 1 ripped and encoded successfully!
Summary:

  Integrated loudness:
    I:         -12.9 LUFS
    Threshold: -22.9 LUFS

  Loudness range:
    LRA:         2.4 LU
    Threshold: -32.9 LUFS
    LRA low:   -13.9 LUFS
    LRA high:  -11.6 LUFS

  Sample peak:
    Peak:       -0.1 dBFS

  True peak:
    Peak:       -0.1 dBFS

  Sample peak relative amplitude (calculated from ebur128 dBFS):
    Peak:        0.992798

  Sample peak relative amplitude (precise):
    Peak:        0.992798

  True peak relative amplitude (calculated from ebur128 dBFS):
    Peak:        0.993316

  Preemphasis:   none detected

  Properties:
    Duration:    00:04:28.773
    Samples:     11852904
    Frames:      20158
    Pregap LSN:  0 (duration: 00:00:02.000)
    Start LSN:   0
    End LSN:     20157 (with offset: 20158)

  EAC CRC32:     61B8BE5F
  Accurip:       not found
    Accurip v1:  C8A7D9CF
    Accurip v2:  DC765960
    Accurip 450: 470A8DFC

  Metadata:
    mbid:                          3fdf18e3-97e5-42d3-8fee-b9aee0fcbcac
    title:                         Florence Rey
    artist:                        Jessica93
    track:                         1
    tracktotal:                    8
    disc_mcn:                      0000000000000
    musicbrainz_discid:            b1uLSfmaM9mVCt.VhZDi433inT4-
    cddb:                          6E0A7B08
    media:                         CD
    comment:                       cyanrip 0.9.3-uf0.6
    date:                          2025-10-10
    musicbrainz_albumid:           5c6104a8-bd96-4d96-9cbd-491eb7919ab9
    album:                         666 Tours De Périph'
    barcode:                       3516628491726
    country:                       FR
    releasestatus:                 Official
    album_artist:                  Jessica93
    totaldiscs:                    1
    disc:                          1
    format:                        CD
    isrc:                          FR0Q12503006
    creation_time:                 2025-11-30T19:24:40
    REPLAYGAIN_TRACK_GAIN:         -5.13 dB
    R128_TRACK_GAIN:               -32
    REPLAYGAIN_TRACK_RANGE:        2.38 dB
    REPLAYGAIN_TRACK_PEAK:         0.993316
    REPLAYGAIN_REFERENCE_LOUDNESS: -18.00 LUFS

  File(s):
    Jessica93 - 666 Tours De Périph' [2025-10-10] [CD FLAC]/1. Florence Rey.flac

Track 2 ripped and encoded successfully!
Summary:

  Integrated loudness:
    I:         -11.6 LUFS
    Threshold: -21.6 LUFS

  Loudness range:
    LRA:         1.4 LU
    Threshold: -31.6 LUFS
    LRA low:   -12.2 LUFS
    LRA high:  -10.9 LUFS

  Sample peak:
    Peak:       -0.1 dBFS

  True peak:
    Peak:       -0.1 dBFS

  Sample peak relative amplitude (calculated from ebur128 dBFS):
    Peak:        0.988861

  Sample peak relative amplitude (precise):
    Peak:        0.988861

  True peak relative amplitude (calculated from ebur128 dBFS):
    Peak:        0.988811

  Preemphasis:   none detected

  Properties:
    Duration:    00:05:47.493
    Samples:     15324456
    Frames:      26062
    Pregap LSN:  20158 (duration: 00:00:00.000)
    Start LSN:   20158
    End LSN:     46219 (with offset: 46220)

  EAC CRC32:     664E0F28
  Accurip:       not found
    Accurip v1:  235EF100
    Accurip v2:  5324AE2F
    Accurip 450: 5A271E3C

  Metadata:
    mbid:                          6a2fe0d2-abe3-4e72-98d3-f6a3e04df166
    title:                         Bébé requin
    artist:                        Jessica93
    track:                         2
    tracktotal:                    8
    disc_mcn:                      0000000000000
    musicbrainz_discid:            b1uLSfmaM9mVCt.VhZDi433inT4-
    cddb:                          6E0A7B08
    media:                         CD
    comment:                       cyanrip 0.9.3-uf0.6
    date:                          2025-10-10
    musicbrainz_albumid:           5c6104a8-bd96-4d96-9cbd-491eb7919ab9
    album:                         666 Tours De Périph'
    barcode:                       3516628491726
    country:                       FR
    releasestatus:                 Official
    album_artist:                  Jessica93
    totaldiscs:                    1
    disc:                          1
    format:                        CD
    isrc:                          FR0Q12503007
    creation_time:                 2025-11-30T19:27:13
    REPLAYGAIN_TRACK_GAIN:         -6.44 dB
    R128_TRACK_GAIN:               -368
    REPLAYGAIN_TRACK_RANGE:        1.35 dB
    REPLAYGAIN_TRACK_PEAK:         0.988811
    REPLAYGAIN_REFERENCE_LOUDNESS: -18.00 LUFS

  File(s):
    Jessica93 - 666 Tours De Périph' [2025-10-10] [CD FLAC]/2. Bébé requin.flac

Track 3 ripped and encoded successfully!
Summary:

  Integrated loudness:
    I:         -12.9 LUFS
    Threshold: -22.9 LUFS

  Loudness range:
    LRA:         2.1 LU
    Threshold: -32.9 LUFS
    LRA low:   -14.2 LUFS
    LRA high:  -12.1 LUFS

  Sample peak:
    Peak:        0.0 dBFS

  True peak:
    Peak:        0.5 dBFS

  Sample peak relative amplitude (calculated from ebur128 dBFS):
    Peak:        1.000000

  Sample peak relative amplitude (precise):
    Peak:        1.000000

  True peak relative amplitude (calculated from ebur128 dBFS):
    Peak:        1.053919

  Preemphasis:   none detected

  Properties:
    Duration:    00:05:30.000
    Samples:     14553000
    Frames:      24750
    Pregap LSN:  46220 (duration: 00:00:00.000)
    Start LSN:   46220
    End LSN:     70969 (with offset: 70970)

  EAC CRC32:     9E58C44C
  Accurip:       not found
    Accurip v1:  EB975A78
    Accurip v2:  AE3188A9
    Accurip 450: F8DAFDA9

  Metadata:
    mbid:                          35d79f81-beb1-4502-80a1-58bce088b8d2
    title:                         Le Grand Remplacement
    artist:                        Jessica93
    track:                         3
    tracktotal:                    8
    disc_mcn:                      0000000000000
    musicbrainz_discid:            b1uLSfmaM9mVCt.VhZDi433inT4-
    cddb:                          6E0A7B08
    media:                         CD
    comment:                       cyanrip 0.9.3-uf0.6
    date:                          2025-10-10
    musicbrainz_albumid:           5c6104a8-bd96-4d96-9cbd-491eb7919ab9
    album:                         666 Tours De Périph'
    barcode:                       3516628491726
    country:                       FR
    releasestatus:                 Official
    album_artist:                  Jessica93
    totaldiscs:                    1
    disc:                          1
    format:                        CD
    isrc:                          FR0Q12503008
    creation_time:                 2025-11-30T19:30:34
    REPLAYGAIN_TRACK_GAIN:         -5.11 dB
    R128_TRACK_GAIN:               -29
    REPLAYGAIN_TRACK_RANGE:        2.15 dB
    REPLAYGAIN_TRACK_PEAK:         1.053919
    REPLAYGAIN_REFERENCE_LOUDNESS: -18.00 LUFS

  File(s):
    Jessica93 - 666 Tours De Périph' [2025-10-10] [CD FLAC]/3. Le Grand Remplacement.flac

Track 4 ripped and encoded successfully!
Summary:

  Integrated loudness:
    I:         -12.1 LUFS
    Threshold: -22.2 LUFS

  Loudness range:
    LRA:         1.9 LU
    Threshold: -32.2 LUFS
    LRA low:   -13.0 LUFS
    LRA high:  -11.2 LUFS

  Sample peak:
    Peak:       -0.2 dBFS

  True peak:
    Peak:       -0.1 dBFS

  Sample peak relative amplitude (calculated from ebur128 dBFS):
    Peak:        0.978973

  Sample peak relative amplitude (precise):
    Peak:        0.978973

  True peak relative amplitude (calculated from ebur128 dBFS):
    Peak:        0.988960

  Preemphasis:   none detected

  Properties:
    Duration:    00:05:26.746
    Samples:     14409528
    Frames:      24506
    Pregap LSN:  70970 (duration: 00:00:00.000)
    Start LSN:   70970
    End LSN:     95475 (with offset: 95476)

  EAC CRC32:     DE7FBB88
  Accurip:       not found
    Accurip v1:  EA544520
    Accurip v2:  FD8FFC37
    Accurip 450: 7684552F

  Metadata:
    mbid:                          89199a6b-e343-49ec-9642-7d0bd01276a1
    title:                         La Colline du crack
    artist:                        Jessica93
    track:                         4
    tracktotal:                    8
    disc_mcn:                      0000000000000
    musicbrainz_discid:            b1uLSfmaM9mVCt.VhZDi433inT4-
    cddb:                          6E0A7B08
    media:                         CD
    comment:                       cyanrip 0.9.3-uf0.6
    date:                          2025-10-10
    musicbrainz_albumid:           5c6104a8-bd96-4d96-9cbd-491eb7919ab9
    album:                         666 Tours De Périph'
    barcode:                       3516628491726
    country:                       FR
    releasestatus:                 Official
    album_artist:                  Jessica93
    totaldiscs:                    1
    disc:                          1
    format:                        CD
    isrc:                          FR0Q12503009
    creation_time:                 2025-11-30T19:33:34
    REPLAYGAIN_TRACK_GAIN:         -5.92 dB
    R128_TRACK_GAIN:               -235
    REPLAYGAIN_TRACK_RANGE:        1.87 dB
    REPLAYGAIN_TRACK_PEAK:         0.988959
    REPLAYGAIN_REFERENCE_LOUDNESS: -18.00 LUFS

  File(s):
    Jessica93 - 666 Tours De Périph' [2025-10-10] [CD FLAC]/4. La Colline du crack.flac

Track 5 ripped and encoded successfully!
Summary:

  Integrated loudness:
    I:         -12.2 LUFS
    Threshold: -22.2 LUFS

  Loudness range:
    LRA:         2.2 LU
    Threshold: -32.2 LUFS
    LRA low:   -13.1 LUFS
    LRA high:  -11.0 LUFS

  Sample peak:
    Peak:       -0.1 dBFS

  True peak:
    Peak:       -0.1 dBFS

  Sample peak relative amplitude (calculated from ebur128 dBFS):
    Peak:        0.991272

  Sample peak relative amplitude (precise):
    Peak:        0.991272

  True peak relative amplitude (calculated from ebur128 dBFS):
    Peak:        0.991210

  Preemphasis:   none detected

  Properties:
    Duration:    00:05:51.506
    Samples:     15501444
    Frames:      26363
    Pregap LSN:  95476 (duration: 00:00:00.000)
    Start LSN:   95476
    End LSN:     121838 (with offset: 121839)

  EAC CRC32:     8BF4B9C1
  Accurip:       not found
    Accurip v1:  FE5457DE
    Accurip v2:  B876D834
    Accurip 450: 14810191

  Metadata:
    mbid:                          da991218-c860-4842-a12e-6ba9af64db02
    title:                         Frappe chirurgicale
    artist:                        Jessica93
    track:                         5
    tracktotal:                    8
    disc_mcn:                      0000000000000
    musicbrainz_discid:            b1uLSfmaM9mVCt.VhZDi433inT4-
    cddb:                          6E0A7B08
    media:                         CD
    comment:                       cyanrip 0.9.3-uf0.6
    date:                          2025-10-10
    musicbrainz_albumid:           5c6104a8-bd96-4d96-9cbd-491eb7919ab9
    album:                         666 Tours De Périph'
    barcode:                       3516628491726
    country:                       FR
    releasestatus:                 Official
    album_artist:                  Jessica93
    totaldiscs:                    1
    disc:                          1
    format:                        CD
    isrc:                          FR0Q12503010
    creation_time:                 2025-11-30T19:36:23
    REPLAYGAIN_TRACK_GAIN:         -5.82 dB
    R128_TRACK_GAIN:               -211
    REPLAYGAIN_TRACK_RANGE:        2.17 dB
    REPLAYGAIN_TRACK_PEAK:         0.991210
    REPLAYGAIN_REFERENCE_LOUDNESS: -18.00 LUFS

  File(s):
    Jessica93 - 666 Tours De Périph' [2025-10-10] [CD FLAC]/5. Frappe chirurgicale.flac

Track 6 ripped and encoded successfully!
Summary:

  Integrated loudness:
    I:         -13.3 LUFS
    Threshold: -23.3 LUFS

  Loudness range:
    LRA:         0.8 LU
    Threshold: -33.3 LUFS
    LRA low:   -13.7 LUFS
    LRA high:  -12.8 LUFS

  Sample peak:
    Peak:        0.0 dBFS

  True peak:
    Peak:        0.5 dBFS

  Sample peak relative amplitude (calculated from ebur128 dBFS):
    Peak:        1.000000

  Sample peak relative amplitude (precise):
    Peak:        1.000000

  True peak relative amplitude (calculated from ebur128 dBFS):
    Peak:        1.053174

  Preemphasis:   none detected

  Properties:
    Duration:    00:04:58.040
    Samples:     13143564
    Frames:      22353
    Pregap LSN:  121839 (duration: 00:00:00.000)
    Start LSN:   121839
    End LSN:     144191 (with offset: 144192)

  EAC CRC32:     1BD0F63B
  Accurip:       not found
    Accurip v1:  870EFB7B
    Accurip v2:  AF19409B
    Accurip 450: A0F47F54

  Metadata:
    mbid:                          8ff36e1f-9f8d-47a1-acae-d4bdcc5854c0
    title:                         Brûlure indienne
    artist:                        Jessica93
    track:                         6
    tracktotal:                    8
    disc_mcn:                      0000000000000
    musicbrainz_discid:            b1uLSfmaM9mVCt.VhZDi433inT4-
    cddb:                          6E0A7B08
    media:                         CD
    comment:                       cyanrip 0.9.3-uf0.6
    date:                          2025-10-10
    musicbrainz_albumid:           5c6104a8-bd96-4d96-9cbd-491eb7919ab9
    album:                         666 Tours De Périph'
    barcode:                       3516628491726
    country:                       FR
    releasestatus:                 Official
    album_artist:                  Jessica93
    totaldiscs:                    1
    disc:                          1
    format:                        CD
    isrc:                          FR0Q12503011
    creation_time:                 2025-11-30T19:39:20
    REPLAYGAIN_TRACK_GAIN:         -4.75 dB
    R128_TRACK_GAIN:               64
    REPLAYGAIN_TRACK_RANGE:        0.83 dB
    REPLAYGAIN_TRACK_PEAK:         1.053174
    REPLAYGAIN_REFERENCE_LOUDNESS: -18.00 LUFS

  File(s):
    Jessica93 - 666 Tours De Périph' [2025-10-10] [CD FLAC]/6. Brûlure indienne.flac

Track 7 ripped and encoded successfully!
Summary:

  Integrated loudness:
    I:         -14.0 LUFS
    Threshold: -24.1 LUFS

  Loudness range:
    LRA:         3.2 LU
    Threshold: -34.1 LUFS
    LRA low:   -15.8 LUFS
    LRA high:  -12.5 LUFS

  Sample peak:
    Peak:       -0.0 dBFS

  True peak:
    Peak:        0.3 dBFS

  Sample peak relative amplitude (calculated from ebur128 dBFS):
    Peak:        0.998077

  Sample peak relative amplitude (precise):
    Peak:        0.998077

  True peak relative amplitude (calculated from ebur128 dBFS):
    Peak:        1.030138

  Preemphasis:   none detected

  Properties:
    Duration:    00:07:03.746
    Samples:     18687228
    Frames:      31781
    Pregap LSN:  144192 (duration: 00:00:00.000)
    Start LSN:   144192
    End LSN:     175972 (with offset: 175973)

  EAC CRC32:     7151B9B2
  Accurip:       not found
    Accurip v1:  ED128781
    Accurip v2:  9109D2F9
    Accurip 450: 2025A2B2

  Metadata:
    mbid:                          acd91a23-cd5a-4682-9afb-1f65d941b3de
    title:                         L’empire n’a jamais pris fin
    artist:                        Jessica93
    track:                         7
    tracktotal:                    8
    disc_mcn:                      0000000000000
    musicbrainz_discid:            b1uLSfmaM9mVCt.VhZDi433inT4-
    cddb:                          6E0A7B08
    media:                         CD
    comment:                       cyanrip 0.9.3-uf0.6
    date:                          2025-10-10
    musicbrainz_albumid:           5c6104a8-bd96-4d96-9cbd-491eb7919ab9
    album:                         666 Tours De Périph'
    barcode:                       3516628491726
    country:                       FR
    releasestatus:                 Official
    album_artist:                  Jessica93
    totaldiscs:                    1
    disc:                          1
    format:                        CD
    isrc:                          FR0Q12503012
    creation_time:                 2025-11-30T19:41:49
    REPLAYGAIN_TRACK_GAIN:         -4.02 dB
    R128_TRACK_GAIN:               250
    REPLAYGAIN_TRACK_RANGE:        3.25 dB
    REPLAYGAIN_TRACK_PEAK:         1.030138
    REPLAYGAIN_REFERENCE_LOUDNESS: -18.00 LUFS

  File(s):
    Jessica93 - 666 Tours De Périph' [2025-10-10] [CD FLAC]/7. L’empire n’a jamais pris fin.flac

Track 8 ripped and encoded successfully!
Summary:

  Integrated loudness:
    I:         -11.8 LUFS
    Threshold: -21.8 LUFS

  Loudness range:
    LRA:         1.5 LU
    Threshold: -31.8 LUFS
    LRA low:   -12.4 LUFS
    LRA high:  -10.9 LUFS

  Sample peak:
    Peak:       -0.1 dBFS

  True peak:
    Peak:       -0.0 dBFS

  Sample peak relative amplitude (calculated from ebur128 dBFS):
    Peak:        0.994171

  Sample peak relative amplitude (precise):
    Peak:        0.994171

  True peak relative amplitude (calculated from ebur128 dBFS):
    Peak:        0.998531

  Preemphasis:   none detected

  Properties:
    Duration:    00:05:37.266
    Samples:     14873460
    Frames:      25295
    Pregap LSN:  175973 (duration: 00:00:00.000)
    Start LSN:   175973
    End LSN:     201267
    Appended:    1 frames of silence

  EAC CRC32:     9002F1AF
  Accurip:       not found
    Accurip v1:  E3E06F7D
    Accurip v2:  6F3F4914
    Accurip 450: 40F0BD98

  Metadata:
    mbid:                          302dbd44-d8ef-4d35-8fad-48f1e5f8da8c
    title:                         Purifier
    artist:                        Jessica93
    track:                         8
    tracktotal:                    8
    disc_mcn:                      0000000000000
    musicbrainz_discid:            b1uLSfmaM9mVCt.VhZDi433inT4-
    cddb:                          6E0A7B08
    media:                         CD
    comment:                       cyanrip 0.9.3-uf0.6
    date:                          2025-10-10
    musicbrainz_albumid:           5c6104a8-bd96-4d96-9cbd-491eb7919ab9
    album:                         666 Tours De Périph'
    barcode:                       3516628491726
    country:                       FR
    releasestatus:                 Official
    album_artist:                  Jessica93
    totaldiscs:                    1
    disc:                          1
    format:                        CD
    isrc:                          FR0Q12503013
    creation_time:                 2025-11-30T19:45:11
    REPLAYGAIN_TRACK_GAIN:         -6.24 dB
    R128_TRACK_GAIN:               -317
    REPLAYGAIN_TRACK_RANGE:        1.45 dB
    REPLAYGAIN_TRACK_PEAK:         0.998531
    REPLAYGAIN_REFERENCE_LOUDNESS: -18.00 LUFS

  File(s):
    Jessica93 - 666 Tours De Périph' [2025-10-10] [CD FLAC]/8. Purifier.flac

Album Loudness Summary:

  Integrated loudness:
    I:         -12.5 LUFS
    Threshold: -22.6 LUFS

  Loudness range:
    LRA:         3.3 LU
    Threshold: -32.6 LUFS
    LRA low:   -14.3 LUFS
    LRA high:  -11.0 LUFS

  Sample peak:
    Peak:        0.0 dBFS

  True peak:
    Peak:        0.5 dBFS

Paranoia status counts:
  READ:          16359
  VERIFY:        1210
  OVERLAP:       346

Ripping errors: 0
Ripping finished at 2025-11-30T19:47:46
Log FUN512: zIPgl6oUkx0Qa8c931t1OsgZENi6nIue_FxtRGp0BxwOtWLPHyxMwL9cZeg_G6F2vCgyNNBOA4KejJxyDdDHdw
