cyanrip 0.9.3-uf0.6 (2a4f3bf)
Drive used:     HL-DT-ST DVDRAM GP60NB60  (revision RF01)
System device:  /dev/cdrom
Device model:   HL-DT-ST DVDRAM GP60NB60  RF01 SCSI CD-ROM
Offset:         +6 samples
Overread:       +1 frame
Overread mode:  fill with silence in lead-in/lead-out
Speed:          default (unchangeable)
C2 errors:      supported by drive
Paranoia level: max
Frame retries:  10
HDCD decoding:  disabled
Album Art:      none
Outputs:        flac
Disc number:    1
Total discs:    1
Disc tracks:    12
Tracks to rip:  all
DiscID:         d1MnfJJI0RZ5JT_CLR4jQ4UOD3k-
Release ID:     293b2fd6-cada-43f0-b2bd-50c55b27d945
CDDB ID:        C70BC90C
Disc MCN:       0000000000000
Album:          Pink Colour Surgery
Album artist:   The Psychotic Monks
AccurateRip:    found
Total time:     00:50:17.000

Gaps:
    0 frame pregap in track 1, unmerged
    0 frame pregap in track 2, merging into track 1
    0 frame pregap in track 3, merging into track 2
    0 frame pregap in track 4, merging into track 3
    0 frame pregap in track 5, merging into track 4
    0 frame pregap in track 6, merging into track 5
    0 frame pregap in track 7, merging into track 6
    0 frame pregap in track 8, merging into track 7
    0 frame pregap in track 9, merging into track 8
    0 frame pregap in track 10, merging into track 9
    0 frame pregap in track 11, merging into track 10
    0 frame pregap in track 12, merging into track 11

Tracks:
Track 1 ripped and encoded successfully!
Summary:

  Integrated loudness:
    I:         -19.3 LUFS
    Threshold: -29.3 LUFS

  Loudness range:
    LRA:         3.6 LU
    Threshold: -39.3 LUFS
    LRA low:   -21.3 LUFS
    LRA high:  -17.7 LUFS

  Sample peak:
    Peak:       -2.1 dBFS

  True peak:
    Peak:       -2.1 dBFS

  Sample peak relative amplitude (calculated from ebur128 dBFS):
    Peak:        0.788666

  Sample peak relative amplitude (precise):
    Peak:        0.788666

  True peak relative amplitude (calculated from ebur128 dBFS):
    Peak:        0.788274

  Preemphasis:   none detected

  Properties:
    Duration:    00:00:32.693
    Samples:     1441776
    Frames:      2452
    Pregap LSN:  0 (duration: 00:00:02.000)
    Start LSN:   0
    End LSN:     2451 (with offset: 2452)

  EAC CRC32:     39A931F3
  Accurip:       disc found in database (max confidence: 5)
    Accurip v1:  19DC1324
    Accurip v2:  8A48581F (accurately ripped, confidence 5)

  Metadata:
    mbid:                          8f687d14-0bc4-4e3d-9756-6638a850f6c9
    title:                         (Pre-Enter)
    artist:                        The Psychotic Monks
    track:                         1
    tracktotal:                    12
    disc_mcn:                      0000000000000
    musicbrainz_discid:            d1MnfJJI0RZ5JT_CLR4jQ4UOD3k-
    cddb:                          C70BC90C
    media:                         CD
    comment:                       cyanrip 0.9.3-uf0.6
    musicbrainz_albumid:           293b2fd6-cada-43f0-b2bd-50c55b27d945
    album:                         Pink Colour Surgery
    barcode:                       3526186616523
    packaging:                     Digipak
    releasestatus:                 Official
    album_artist:                  The Psychotic Monks
    totaldiscs:                    1
    disc:                          1
    format:                        CD
    isrc:                          FRQ032216501
    creation_time:                 2025-11-22T21:51:12
    REPLAYGAIN_TRACK_GAIN:         1.29 dB
    R128_TRACK_GAIN:               1610
    REPLAYGAIN_TRACK_RANGE:        3.63 dB
    REPLAYGAIN_TRACK_PEAK:         0.788274
    REPLAYGAIN_REFERENCE_LOUDNESS: -18.00 LUFS

  File(s):
    The Psychotic Monks - Pink Colour Surgery [year] [FLAC]/01. (Pre-Enter).flac

Track 2 ripped and encoded successfully!
Summary:

  Integrated loudness:
    I:         -14.8 LUFS
    Threshold: -24.9 LUFS

  Loudness range:
    LRA:         4.6 LU
    Threshold: -34.9 LUFS
    LRA low:   -17.4 LUFS
    LRA high:  -12.7 LUFS

  Sample peak:
    Peak:       -0.4 dBFS

  True peak:
    Peak:       -0.3 dBFS

  Sample peak relative amplitude (calculated from ebur128 dBFS):
    Peak:        0.959991

  Sample peak relative amplitude (precise):
    Peak:        0.959991

  True peak relative amplitude (calculated from ebur128 dBFS):
    Peak:        0.961515

  Preemphasis:   none detected

  Properties:
    Duration:    00:07:34.280
    Samples:     20033748
    Frames:      34071
    Pregap LSN:  2452 (duration: 00:00:00.000)
    Start LSN:   2452
    End LSN:     36522 (with offset: 36523)

  EAC CRC32:     1CD6B9CF
  Accurip:       disc found in database (max confidence: 5)
    Accurip v1:  4C273A97
    Accurip v2:  4A81B512 (accurately ripped, confidence 5)

  Metadata:
    mbid:                          402b7530-8877-40e0-b67b-b7a25b3c5b5f
    title:                         Post-Post-
    artist:                        The Psychotic Monks
    track:                         2
    tracktotal:                    12
    disc_mcn:                      0000000000000
    musicbrainz_discid:            d1MnfJJI0RZ5JT_CLR4jQ4UOD3k-
    cddb:                          C70BC90C
    media:                         CD
    comment:                       cyanrip 0.9.3-uf0.6
    musicbrainz_albumid:           293b2fd6-cada-43f0-b2bd-50c55b27d945
    album:                         Pink Colour Surgery
    barcode:                       3526186616523
    packaging:                     Digipak
    releasestatus:                 Official
    album_artist:                  The Psychotic Monks
    totaldiscs:                    1
    disc:                          1
    format:                        CD
    isrc:                          FRQ032216502
    creation_time:                 2025-11-22T21:51:43
    REPLAYGAIN_TRACK_GAIN:         -3.18 dB
    R128_TRACK_GAIN:               466
    REPLAYGAIN_TRACK_RANGE:        4.65 dB
    REPLAYGAIN_TRACK_PEAK:         0.961515
    REPLAYGAIN_REFERENCE_LOUDNESS: -18.00 LUFS

  File(s):
    The Psychotic Monks - Pink Colour Surgery [year] [FLAC]/02. Post-Post-.flac

Track 3 ripped and encoded successfully!
Summary:

  Integrated loudness:
    I:         -14.1 LUFS
    Threshold: -24.2 LUFS

  Loudness range:
    LRA:         5.2 LU
    Threshold: -34.2 LUFS
    LRA low:   -17.1 LUFS
    LRA high:  -11.9 LUFS

  Sample peak:
    Peak:       -0.4 dBFS

  True peak:
    Peak:       -0.4 dBFS

  Sample peak relative amplitude (calculated from ebur128 dBFS):
    Peak:        0.957703

  Sample peak relative amplitude (precise):
    Peak:        0.957703

  True peak relative amplitude (calculated from ebur128 dBFS):
    Peak:        0.958595

  Preemphasis:   none detected

  Properties:
    Duration:    00:04:36.626
    Samples:     12199236
    Frames:      20747
    Pregap LSN:  36523 (duration: 00:00:00.000)
    Start LSN:   36523
    End LSN:     57269 (with offset: 57270)

  EAC CRC32:     7D797517
  Accurip:       disc found in database (max confidence: 5)
    Accurip v1:  9B1B8CE5
    Accurip v2:  63FFDD56 (accurately ripped, confidence 5)

  Metadata:
    mbid:                          9e30504c-ba73-4fd5-99c9-8f24b57d57f1
    title:                         Gamble and Dangle
    artist:                        The Psychotic Monks
    track:                         3
    tracktotal:                    12
    disc_mcn:                      0000000000000
    musicbrainz_discid:            d1MnfJJI0RZ5JT_CLR4jQ4UOD3k-
    cddb:                          C70BC90C
    media:                         CD
    comment:                       cyanrip 0.9.3-uf0.6
    musicbrainz_albumid:           293b2fd6-cada-43f0-b2bd-50c55b27d945
    album:                         Pink Colour Surgery
    barcode:                       3526186616523
    packaging:                     Digipak
    releasestatus:                 Official
    album_artist:                  The Psychotic Monks
    totaldiscs:                    1
    disc:                          1
    format:                        CD
    isrc:                          FRQ032216503
    creation_time:                 2025-11-22T21:55:42
    REPLAYGAIN_TRACK_GAIN:         -3.86 dB
    R128_TRACK_GAIN:               291
    REPLAYGAIN_TRACK_RANGE:        5.22 dB
    REPLAYGAIN_TRACK_PEAK:         0.958595
    REPLAYGAIN_REFERENCE_LOUDNESS: -18.00 LUFS

  File(s):
    The Psychotic Monks - Pink Colour Surgery [year] [FLAC]/03. Gamble and Dangle.flac

Track 4 ripped and encoded successfully!
Summary:

  Integrated loudness:
    I:         -21.8 LUFS
    Threshold: -32.2 LUFS

  Loudness range:
    LRA:         9.1 LU
    Threshold: -42.2 LUFS
    LRA low:   -27.6 LUFS
    LRA high:  -18.5 LUFS

  Sample peak:
    Peak:       -3.5 dBFS

  True peak:
    Peak:       -3.5 dBFS

  Sample peak relative amplitude (calculated from ebur128 dBFS):
    Peak:        0.666138

  Sample peak relative amplitude (precise):
    Peak:        0.666138

  True peak relative amplitude (calculated from ebur128 dBFS):
    Peak:        0.666228

  Preemphasis:   none detected

  Properties:
    Duration:    00:01:17.373
    Samples:     3412164
    Frames:      5803
    Pregap LSN:  57270 (duration: 00:00:00.000)
    Start LSN:   57270
    End LSN:     63072 (with offset: 63073)

  EAC CRC32:     0CED2F4D
  Accurip:       disc found in database (max confidence: 5)
    Accurip v1:  B4B80580
    Accurip v2:  7C372175 (accurately ripped, confidence 5)

  Metadata:
    mbid:                          186018ec-1765-474c-b1a2-375ccd913bd9
    title:                         (Bird's Part)
    artist:                        The Psychotic Monks
    track:                         4
    tracktotal:                    12
    disc_mcn:                      0000000000000
    musicbrainz_discid:            d1MnfJJI0RZ5JT_CLR4jQ4UOD3k-
    cddb:                          C70BC90C
    media:                         CD
    comment:                       cyanrip 0.9.3-uf0.6
    musicbrainz_albumid:           293b2fd6-cada-43f0-b2bd-50c55b27d945
    album:                         Pink Colour Surgery
    barcode:                       3526186616523
    packaging:                     Digipak
    releasestatus:                 Official
    album_artist:                  The Psychotic Monks
    totaldiscs:                    1
    disc:                          1
    format:                        CD
    isrc:                          FRQ032216504
    creation_time:                 2025-11-22T21:58:19
    REPLAYGAIN_TRACK_GAIN:         3.81 dB
    R128_TRACK_GAIN:               2254
    REPLAYGAIN_TRACK_RANGE:        9.09 dB
    REPLAYGAIN_TRACK_PEAK:         0.666228
    REPLAYGAIN_REFERENCE_LOUDNESS: -18.00 LUFS

  File(s):
    The Psychotic Monks - Pink Colour Surgery [year] [FLAC]/04. (Bird's Part).flac

Track 5 ripped and encoded successfully!
Summary:

  Integrated loudness:
    I:         -14.4 LUFS
    Threshold: -24.4 LUFS

  Loudness range:
    LRA:         7.3 LU
    Threshold: -34.4 LUFS
    LRA low:   -18.3 LUFS
    LRA high:  -11.0 LUFS

  Sample peak:
    Peak:       -0.3 dBFS

  True peak:
    Peak:       -0.3 dBFS

  Sample peak relative amplitude (calculated from ebur128 dBFS):
    Peak:        0.960602

  Sample peak relative amplitude (precise):
    Peak:        0.960602

  True peak relative amplitude (calculated from ebur128 dBFS):
    Peak:        0.961084

  Preemphasis:   none detected

  Properties:
    Duration:    00:05:44.253
    Samples:     15181572
    Frames:      25819
    Pregap LSN:  63073 (duration: 00:00:00.000)
    Start LSN:   63073
    End LSN:     88891 (with offset: 88892)

  EAC CRC32:     7EB89947
  Accurip:       disc found in database (max confidence: 5)
    Accurip v1:  854D891A
    Accurip v2:  E7EA0183 (accurately ripped, confidence 5)

  Metadata:
    mbid:                          a01422da-ac52-4eaa-93d7-b8377f278149
    title:                         Crash
    artist:                        The Psychotic Monks
    track:                         5
    tracktotal:                    12
    disc_mcn:                      0000000000000
    musicbrainz_discid:            d1MnfJJI0RZ5JT_CLR4jQ4UOD3k-
    cddb:                          C70BC90C
    media:                         CD
    comment:                       cyanrip 0.9.3-uf0.6
    musicbrainz_albumid:           293b2fd6-cada-43f0-b2bd-50c55b27d945
    album:                         Pink Colour Surgery
    barcode:                       3526186616523
    packaging:                     Digipak
    releasestatus:                 Official
    album_artist:                  The Psychotic Monks
    totaldiscs:                    1
    disc:                          1
    format:                        CD
    isrc:                          FRQ032216505
    creation_time:                 2025-11-22T21:59:03
    REPLAYGAIN_TRACK_GAIN:         -3.64 dB
    R128_TRACK_GAIN:               348
    REPLAYGAIN_TRACK_RANGE:        7.32 dB
    REPLAYGAIN_TRACK_PEAK:         0.961084
    REPLAYGAIN_REFERENCE_LOUDNESS: -18.00 LUFS

  File(s):
    The Psychotic Monks - Pink Colour Surgery [year] [FLAC]/05. Crash.flac

Track 6 ripped and encoded successfully!
Summary:

  Integrated loudness:
    I:         -20.9 LUFS
    Threshold: -32.5 LUFS

  Loudness range:
    LRA:        18.1 LU
    Threshold: -42.4 LUFS
    LRA low:   -36.5 LUFS
    LRA high:  -18.5 LUFS

  Sample peak:
    Peak:       -2.0 dBFS

  True peak:
    Peak:       -2.0 dBFS

  Sample peak relative amplitude (calculated from ebur128 dBFS):
    Peak:        0.791260

  Sample peak relative amplitude (precise):
    Peak:        0.791260

  True peak relative amplitude (calculated from ebur128 dBFS):
    Peak:        0.791283

  Preemphasis:   none detected

  Properties:
    Duration:    00:03:09.426
    Samples:     8353716
    Frames:      14207
    Pregap LSN:  88892 (duration: 00:00:00.000)
    Start LSN:   88892
    End LSN:     103098 (with offset: 103099)

  EAC CRC32:     CA2E6FAE
  Accurip:       disc found in database (max confidence: 5)
    Accurip v1:  A75649DD
    Accurip v2:  5724A34E (accurately ripped, confidence 5)

  Metadata:
    mbid:                          818faaf5-af96-4c9d-a660-aec4ba8cabfc
    title:                         Imagerie
    artist:                        The Psychotic Monks
    track:                         6
    tracktotal:                    12
    disc_mcn:                      0000000000000
    musicbrainz_discid:            d1MnfJJI0RZ5JT_CLR4jQ4UOD3k-
    cddb:                          C70BC90C
    media:                         CD
    comment:                       cyanrip 0.9.3-uf0.6
    musicbrainz_albumid:           293b2fd6-cada-43f0-b2bd-50c55b27d945
    album:                         Pink Colour Surgery
    barcode:                       3526186616523
    packaging:                     Digipak
    releasestatus:                 Official
    album_artist:                  The Psychotic Monks
    totaldiscs:                    1
    disc:                          1
    format:                        CD
    isrc:                          FRQ032216506
    creation_time:                 2025-11-22T22:02:08
    REPLAYGAIN_TRACK_GAIN:         2.91 dB
    R128_TRACK_GAIN:               2025
    REPLAYGAIN_TRACK_RANGE:        18.07 dB
    REPLAYGAIN_TRACK_PEAK:         0.791283
    REPLAYGAIN_REFERENCE_LOUDNESS: -18.00 LUFS

  File(s):
    The Psychotic Monks - Pink Colour Surgery [year] [FLAC]/06. Imagerie.flac

Track 7 ripped and encoded successfully!
Summary:

  Integrated loudness:
    I:         -30.1 LUFS
    Threshold: -41.1 LUFS

  Loudness range:
    LRA:        13.9 LU
    Threshold: -51.3 LUFS
    LRA low:   -40.4 LUFS
    LRA high:  -26.5 LUFS

  Sample peak:
    Peak:      -13.2 dBFS

  True peak:
    Peak:      -13.2 dBFS

  Sample peak relative amplitude (calculated from ebur128 dBFS):
    Peak:        0.217987

  Sample peak relative amplitude (precise):
    Peak:        0.217987

  True peak relative amplitude (calculated from ebur128 dBFS):
    Peak:        0.218796

  Preemphasis:   none detected

  Properties:
    Duration:    00:01:01.586
    Samples:     2715972
    Frames:      4619
    Pregap LSN:  103099 (duration: 00:00:00.000)
    Start LSN:   103099
    End LSN:     107717 (with offset: 107718)

  EAC CRC32:     2445C2BB
  Accurip:       disc found in database (max confidence: 5)
    Accurip v1:  5C83E488
    Accurip v2:  6F38DF2B (accurately ripped, confidence 5)

  Metadata:
    mbid:                          bf6c9b4d-8b30-4a36-b941-3cc0119d235b
    title:                         (88)
    artist:                        The Psychotic Monks
    track:                         7
    tracktotal:                    12
    disc_mcn:                      0000000000000
    musicbrainz_discid:            d1MnfJJI0RZ5JT_CLR4jQ4UOD3k-
    cddb:                          C70BC90C
    media:                         CD
    comment:                       cyanrip 0.9.3-uf0.6
    musicbrainz_albumid:           293b2fd6-cada-43f0-b2bd-50c55b27d945
    album:                         Pink Colour Surgery
    barcode:                       3526186616523
    packaging:                     Digipak
    releasestatus:                 Official
    album_artist:                  The Psychotic Monks
    totaldiscs:                    1
    disc:                          1
    format:                        CD
    isrc:                          FRQ032216507
    creation_time:                 2025-11-22T22:03:52
    REPLAYGAIN_TRACK_GAIN:         12.14 dB
    R128_TRACK_GAIN:               4388
    REPLAYGAIN_TRACK_RANGE:        13.93 dB
    REPLAYGAIN_TRACK_PEAK:         0.218796
    REPLAYGAIN_REFERENCE_LOUDNESS: -18.00 LUFS

  File(s):
    The Psychotic Monks - Pink Colour Surgery [year] [FLAC]/07. (88).flac

Track 8 ripped and encoded successfully!
Summary:

  Integrated loudness:
    I:         -14.1 LUFS
    Threshold: -24.5 LUFS

  Loudness range:
    LRA:         9.1 LU
    Threshold: -34.5 LUFS
    LRA low:   -20.7 LUFS
    LRA high:  -11.6 LUFS

  Sample peak:
    Peak:       -0.2 dBFS

  True peak:
    Peak:       -0.0 dBFS

  Sample peak relative amplitude (calculated from ebur128 dBFS):
    Peak:        0.982544

  Sample peak relative amplitude (precise):
    Peak:        0.982544

  True peak relative amplitude (calculated from ebur128 dBFS):
    Peak:        0.995791

  Preemphasis:   none detected

  Properties:
    Duration:    00:08:52.093
    Samples:     23465316
    Frames:      39907
    Pregap LSN:  107718 (duration: 00:00:00.000)
    Start LSN:   107718
    End LSN:     147624 (with offset: 147625)

  EAC CRC32:     8C5C783D
  Accurip:       disc found in database (max confidence: 5)
    Accurip v1:  571F1105
    Accurip v2:  495B0547 (accurately ripped, confidence 5)

  Metadata:
    mbid:                          1250f73a-57fb-4e28-bcd5-195bce97d1c9
    title:                         Décors
    artist:                        The Psychotic Monks
    track:                         8
    tracktotal:                    12
    disc_mcn:                      0000000000000
    musicbrainz_discid:            d1MnfJJI0RZ5JT_CLR4jQ4UOD3k-
    cddb:                          C70BC90C
    media:                         CD
    comment:                       cyanrip 0.9.3-uf0.6
    musicbrainz_albumid:           293b2fd6-cada-43f0-b2bd-50c55b27d945
    album:                         Pink Colour Surgery
    barcode:                       3526186616523
    packaging:                     Digipak
    releasestatus:                 Official
    album_artist:                  The Psychotic Monks
    totaldiscs:                    1
    disc:                          1
    format:                        CD
    isrc:                          FRQ032216508
    creation_time:                 2025-11-22T22:04:25
    REPLAYGAIN_TRACK_GAIN:         -3.89 dB
    R128_TRACK_GAIN:               285
    REPLAYGAIN_TRACK_RANGE:        9.12 dB
    REPLAYGAIN_TRACK_PEAK:         0.995791
    REPLAYGAIN_REFERENCE_LOUDNESS: -18.00 LUFS

  File(s):
    The Psychotic Monks - Pink Colour Surgery [year] [FLAC]/08. Décors.flac

Track 9 ripped and encoded successfully!
Summary:

  Integrated loudness:
    I:         -21.4 LUFS
    Threshold: -31.4 LUFS

  Loudness range:
    LRA:         7.6 LU
    Threshold: -41.6 LUFS
    LRA low:   -25.7 LUFS
    LRA high:  -18.1 LUFS

  Sample peak:
    Peak:       -5.5 dBFS

  True peak:
    Peak:       -5.5 dBFS

  Sample peak relative amplitude (calculated from ebur128 dBFS):
    Peak:        0.531128

  Sample peak relative amplitude (precise):
    Peak:        0.531128

  True peak relative amplitude (calculated from ebur128 dBFS):
    Peak:        0.531890

  Preemphasis:   none detected

  Properties:
    Duration:    00:00:26.160
    Samples:     1153656
    Frames:      1962
    Pregap LSN:  147625 (duration: 00:00:00.000)
    Start LSN:   147625
    End LSN:     149586 (with offset: 149587)

  EAC CRC32:     5284EBEB
  Accurip:       disc found in database (max confidence: 5)
    Accurip v1:  F3A27D6F
    Accurip v2:  70C3FE2A (accurately ripped, confidence 5)

  Metadata:
    mbid:                          718fe6e3-9233-447b-9224-6a073d42a2e0
    title:                         (Gestures)
    artist:                        The Psychotic Monks
    track:                         9
    tracktotal:                    12
    disc_mcn:                      0000000000000
    musicbrainz_discid:            d1MnfJJI0RZ5JT_CLR4jQ4UOD3k-
    cddb:                          C70BC90C
    media:                         CD
    comment:                       cyanrip 0.9.3-uf0.6
    musicbrainz_albumid:           293b2fd6-cada-43f0-b2bd-50c55b27d945
    album:                         Pink Colour Surgery
    barcode:                       3526186616523
    packaging:                     Digipak
    releasestatus:                 Official
    album_artist:                  The Psychotic Monks
    totaldiscs:                    1
    disc:                          1
    format:                        CD
    isrc:                          FRQ032216509
    creation_time:                 2025-11-22T22:09:03
    REPLAYGAIN_TRACK_GAIN:         3.38 dB
    R128_TRACK_GAIN:               2145
    REPLAYGAIN_TRACK_RANGE:        7.58 dB
    REPLAYGAIN_TRACK_PEAK:         0.531890
    REPLAYGAIN_REFERENCE_LOUDNESS: -18.00 LUFS

  File(s):
    The Psychotic Monks - Pink Colour Surgery [year] [FLAC]/09. (Gestures).flac

Track 10 ripped and encoded successfully!
Summary:

  Integrated loudness:
    I:         -13.3 LUFS
    Threshold: -23.8 LUFS

  Loudness range:
    LRA:        13.3 LU
    Threshold: -33.8 LUFS
    LRA low:   -24.2 LUFS
    LRA high:  -10.9 LUFS

  Sample peak:
    Peak:       -0.3 dBFS

  True peak:
    Peak:       -0.2 dBFS

  Sample peak relative amplitude (calculated from ebur128 dBFS):
    Peak:        0.963806

  Sample peak relative amplitude (precise):
    Peak:        0.963806

  True peak relative amplitude (calculated from ebur128 dBFS):
    Peak:        0.975753

  Preemphasis:   none detected

  Properties:
    Duration:    00:09:53.213
    Samples:     26160708
    Frames:      44491
    Pregap LSN:  149587 (duration: 00:00:00.000)
    Start LSN:   149587
    End LSN:     194077 (with offset: 194078)

  EAC CRC32:     21ACA808
  Accurip:       disc found in database (max confidence: 5)
    Accurip v1:  AA0EDDFE
    Accurip v2:  114A4FA9 (accurately ripped, confidence 5)

  Metadata:
    mbid:                          e3a0ca68-f4eb-4eae-91d0-9bcb6e2861fd
    title:                         All That Fall
    artist:                        The Psychotic Monks
    track:                         10
    tracktotal:                    12
    disc_mcn:                      0000000000000
    musicbrainz_discid:            d1MnfJJI0RZ5JT_CLR4jQ4UOD3k-
    cddb:                          C70BC90C
    media:                         CD
    comment:                       cyanrip 0.9.3-uf0.6
    musicbrainz_albumid:           293b2fd6-cada-43f0-b2bd-50c55b27d945
    album:                         Pink Colour Surgery
    barcode:                       3526186616523
    packaging:                     Digipak
    releasestatus:                 Official
    album_artist:                  The Psychotic Monks
    totaldiscs:                    1
    disc:                          1
    format:                        CD
    isrc:                          FRQ032216510
    creation_time:                 2025-11-22T22:09:16
    REPLAYGAIN_TRACK_GAIN:         -4.72 dB
    R128_TRACK_GAIN:               71
    REPLAYGAIN_TRACK_RANGE:        13.34 dB
    REPLAYGAIN_TRACK_PEAK:         0.975753
    REPLAYGAIN_REFERENCE_LOUDNESS: -18.00 LUFS

  File(s):
    The Psychotic Monks - Pink Colour Surgery [year] [FLAC]/10. All That Fall.flac

Track 11 ripped and encoded successfully!
Summary:

  Integrated loudness:
    I:         -15.8 LUFS
    Threshold: -27.1 LUFS

  Loudness range:
    LRA:        19.4 LU
    Threshold: -37.1 LUFS
    LRA low:   -31.7 LUFS
    LRA high:  -12.3 LUFS

  Sample peak:
    Peak:       -0.4 dBFS

  True peak:
    Peak:       -0.4 dBFS

  Sample peak relative amplitude (calculated from ebur128 dBFS):
    Peak:        0.956177

  Sample peak relative amplitude (precise):
    Peak:        0.956177

  True peak relative amplitude (calculated from ebur128 dBFS):
    Peak:        0.956184

  Preemphasis:   none detected

  Properties:
    Duration:    00:06:15.413
    Samples:     16555728
    Frames:      28156
    Pregap LSN:  194078 (duration: 00:00:00.000)
    Start LSN:   194078
    End LSN:     222233 (with offset: 222234)

  EAC CRC32:     0793926C
  Accurip:       disc found in database (max confidence: 5)
    Accurip v1:  EBAE9BC5
    Accurip v2:  993B1715 (accurately ripped, confidence 5)

  Metadata:
    mbid:                          46bfdc4e-5152-4bd9-bc9d-418a7d3f65fd
    title:                         location.memory
    artist:                        The Psychotic Monks
    track:                         11
    tracktotal:                    12
    disc_mcn:                      0000000000000
    musicbrainz_discid:            d1MnfJJI0RZ5JT_CLR4jQ4UOD3k-
    cddb:                          C70BC90C
    media:                         CD
    comment:                       cyanrip 0.9.3-uf0.6
    musicbrainz_albumid:           293b2fd6-cada-43f0-b2bd-50c55b27d945
    album:                         Pink Colour Surgery
    barcode:                       3526186616523
    packaging:                     Digipak
    releasestatus:                 Official
    album_artist:                  The Psychotic Monks
    totaldiscs:                    1
    disc:                          1
    format:                        CD
    isrc:                          FRQ032216511
    creation_time:                 2025-11-22T22:14:14
    REPLAYGAIN_TRACK_GAIN:         -2.21 dB
    R128_TRACK_GAIN:               713
    REPLAYGAIN_TRACK_RANGE:        19.43 dB
    REPLAYGAIN_TRACK_PEAK:         0.956184
    REPLAYGAIN_REFERENCE_LOUDNESS: -18.00 LUFS

  File(s):
    The Psychotic Monks - Pink Colour Surgery [year] [FLAC]/11. location.memory.flac

Track 12 ripped and encoded successfully!
Summary:

  Integrated loudness:
    I:         -24.7 LUFS
    Threshold: -35.4 LUFS

  Loudness range:
    LRA:        11.0 LU
    Threshold: -45.4 LUFS
    LRA low:   -32.6 LUFS
    LRA high:  -21.6 LUFS

  Sample peak:
    Peak:       -8.2 dBFS

  True peak:
    Peak:       -8.2 dBFS

  Sample peak relative amplitude (calculated from ebur128 dBFS):
    Peak:        0.389526

  Sample peak relative amplitude (precise):
    Peak:        0.389526

  True peak relative amplitude (calculated from ebur128 dBFS):
    Peak:        0.389549

  Preemphasis:   none detected

  Properties:
    Duration:    00:00:53.880
    Samples:     2376108
    Frames:      4041
    Pregap LSN:  222234 (duration: 00:00:00.000)
    Start LSN:   222234
    End LSN:     226274
    Appended:    1 frames of silence

  EAC CRC32:     F879AEA2
  Accurip:       disc found in database (max confidence: 5)
    Accurip v1:  48E15D4C
    Accurip v2:  898D8275 (accurately ripped, confidence 5)

  Metadata:
    mbid:                          ee4441cd-13b8-4e04-ad53-dac8780fee03
    title:                         (traP s'driB)
    artist:                        The Psychotic Monks
    track:                         12
    tracktotal:                    12
    disc_mcn:                      0000000000000
    musicbrainz_discid:            d1MnfJJI0RZ5JT_CLR4jQ4UOD3k-
    cddb:                          C70BC90C
    media:                         CD
    comment:                       cyanrip 0.9.3-uf0.6
    musicbrainz_albumid:           293b2fd6-cada-43f0-b2bd-50c55b27d945
    album:                         Pink Colour Surgery
    barcode:                       3526186616523
    packaging:                     Digipak
    releasestatus:                 Official
    album_artist:                  The Psychotic Monks
    totaldiscs:                    1
    disc:                          1
    format:                        CD
    isrc:                          FRQ032216512
    creation_time:                 2025-11-22T22:17:17
    REPLAYGAIN_TRACK_GAIN:         6.68 dB
    R128_TRACK_GAIN:               2990
    REPLAYGAIN_TRACK_RANGE:        11.01 dB
    REPLAYGAIN_TRACK_PEAK:         0.389549
    REPLAYGAIN_REFERENCE_LOUDNESS: -18.00 LUFS

  File(s):
    The Psychotic Monks - Pink Colour Surgery [year] [FLAC]/12. (traP s'driB).flac

Album Loudness Summary:

  Integrated loudness:
    I:         -14.5 LUFS
    Threshold: -25.2 LUFS

  Loudness range:
    LRA:        13.9 LU
    Threshold: -35.2 LUFS
    LRA low:   -25.2 LUFS
    LRA high:  -11.3 LUFS

  Sample peak:
    Peak:       -0.2 dBFS

  True peak:
    Peak:       -0.0 dBFS

Tracks ripped accurately: 12/12

Paranoia status counts:
  READ:          18315
  VERIFY:        1145
  OVERLAP:       362

Ripping errors: 0
Ripping finished at 2025-11-22T22:17:43
Log FUN512: p5ir8veKgKzSM_VF5RWuiHAbGzFZLRJM_k5zHC5Aw7AyUTq7xUPOwtzNTj3lzy.W6eR1u373wWP8bsTmFo2xHA
