cyanrip 0.9.3-uf0.6 (2a4f3bf)
Drive used:     HL-DT-ST DVDRAM GP60NB60  (revision RF01)
System device:  /dev/cdrom
Device model:   HL-DT-ST DVDRAM GP60NB60  RF01 SCSI CD-ROM
Offset:         +6 samples
Overread:       +1 frame
Overread mode:  fill with silence in lead-in/lead-out
Speed:          default (unchangeable)
C2 errors:      supported by drive
Paranoia level: max
Frame retries:  10
HDCD decoding:  disabled
Album Art:      none
Outputs:        flac
Disc number:    2
Total discs:    2
Disc tracks:    14
Tracks to rip:  all
DiscID:         fycwEKoS8tQPZ0v307GDz3bEytA-
Release ID:     51367f4f-20ee-4624-a204-416492170e5a
CDDB ID:        C60EFE0E
Disc MCN:       5099997855521
Album:          Mellon Collie and the Infinite Sadness
Album artist:   The Smashing Pumpkins
AccurateRip:    found
Total time:     01:03:58.320

Gaps:
    0 frame pregap in track 1, unmerged
    0 frame pregap in track 2, merging into track 1
    113 frame pregap in track 3, merging into track 2
    0 frame pregap in track 4, merging into track 3
    129 frame pregap in track 5, merging into track 4
    0 frame pregap in track 6, merging into track 5
    65 frame pregap in track 7, merging into track 6
    0 frame pregap in track 8, merging into track 7
    208 frame pregap in track 9, merging into track 8
    296 frame pregap in track 10, merging into track 9
    14 frame pregap in track 11, merging into track 10
    145 frame pregap in track 12, merging into track 11
    104 frame pregap in track 13, merging into track 12
    89 frame pregap in track 14, merging into track 13

Tracks:
Track 1 ripped and encoded successfully!
Summary:

  Integrated loudness:
    I:         -10.2 LUFS
    Threshold: -20.3 LUFS

  Loudness range:
    LRA:         6.8 LU
    Threshold: -30.3 LUFS
    LRA low:   -15.9 LUFS
    LRA high:   -9.0 LUFS

  Sample peak:
    Peak:       -0.0 dBFS

  True peak:
    Peak:       -0.0 dBFS

  Sample peak relative amplitude (calculated from ebur128 dBFS):
    Peak:        0.994293

  Sample peak relative amplitude (precise):
    Peak:        0.994293

  True peak relative amplitude (calculated from ebur128 dBFS):
    Peak:        0.999934

  Preemphasis:   none detected

  Properties:
    Duration:    00:04:23.546
    Samples:     11622408
    Frames:      19766
    Pregap LSN:  0 (duration: 00:00:02.000)
    Start LSN:   0
    End LSN:     19765 (with offset: 19766)

  EAC CRC32:     FF80FD53
  Accurip:       disc found in database (max confidence: 172)
    Accurip v1:  D6C2ED40 (accurately ripped, confidence 8)
    Accurip v2:  FE3B5471 (accurately ripped, confidence 172)

  Metadata:
    mbid:                          7e79c16d-ba7d-46b8-81c3-17d2c1f11a44
    title:                         Where Boys Fear to Tread
    artist:                        The Smashing Pumpkins
    track:                         1
    tracktotal:                    14
    disc_mcn:                      5099997855521
    musicbrainz_discid:            fycwEKoS8tQPZ0v307GDz3bEytA-
    cddb:                          C60EFE0E
    media:                         CD
    comment:                       cyanrip 0.9.3-uf0.6
    date:                          2012-12-03
    musicbrainz_albumid:           51367f4f-20ee-4624-a204-416492170e5a
    album:                         Mellon Collie and the Infinite Sadness
    barcode:                       5099997855323
    packaging:                     Jewel Case
    country:                       GB
    releasestatus:                 Official
    album_artist:                  The Smashing Pumpkins
    totaldiscs:                    2
    disc:                          2
    discname:                      Twilight to Starlight
    format:                        CD
    isrc:                          USVI21200906
    creation_time:                 2025-11-24T09:18:52
    REPLAYGAIN_TRACK_GAIN:         -7.75 dB
    R128_TRACK_GAIN:               -705
    REPLAYGAIN_TRACK_RANGE:        6.84 dB
    REPLAYGAIN_TRACK_PEAK:         0.999934
    REPLAYGAIN_REFERENCE_LOUDNESS: -18.00 LUFS

  File(s):
    The Smashing Pumpkins - Mellon Collie and the Infinite Sadness [2012-12-03] [FLAC]/01. Where Boys Fear to Tread.flac

Track 2 ripped and encoded successfully!
Summary:

  Integrated loudness:
    I:          -9.1 LUFS
    Threshold: -19.4 LUFS

  Loudness range:
    LRA:         5.8 LU
    Threshold: -29.4 LUFS
    LRA low:   -14.1 LUFS
    LRA high:   -8.3 LUFS

  Sample peak:
    Peak:        0.0 dBFS

  True peak:
    Peak:        0.1 dBFS

  Sample peak relative amplitude (calculated from ebur128 dBFS):
    Peak:        1.000000

  Sample peak relative amplitude (precise):
    Peak:        1.000000

  True peak relative amplitude (calculated from ebur128 dBFS):
    Peak:        1.011604

  Preemphasis:   none detected

  Properties:
    Duration:    00:04:12.200
    Samples:     11122020
    Frames:      18915
    Pregap LSN:  19766 (duration: 00:00:00.000)
    Start LSN:   19766
    End LSN:     38680 (with offset: 38681)

  EAC CRC32:     2EDD7C19
  Accurip:       disc found in database (max confidence: 173)
    Accurip v1:  B70BA7E1 (accurately ripped, confidence 8)
    Accurip v2:  546367BD (accurately ripped, confidence 173)

  Metadata:
    mbid:                          748f207b-0b82-4707-b236-230ab36dc8a9
    title:                         Bodies
    artist:                        The Smashing Pumpkins
    track:                         2
    tracktotal:                    14
    disc_mcn:                      5099997855521
    musicbrainz_discid:            fycwEKoS8tQPZ0v307GDz3bEytA-
    cddb:                          C60EFE0E
    media:                         CD
    comment:                       cyanrip 0.9.3-uf0.6
    date:                          2012-12-03
    musicbrainz_albumid:           51367f4f-20ee-4624-a204-416492170e5a
    album:                         Mellon Collie and the Infinite Sadness
    barcode:                       5099997855323
    packaging:                     Jewel Case
    country:                       GB
    releasestatus:                 Official
    album_artist:                  The Smashing Pumpkins
    totaldiscs:                    2
    disc:                          2
    discname:                      Twilight to Starlight
    format:                        CD
    isrc:                          USVI21200907
    creation_time:                 2025-11-24T09:22:06
    REPLAYGAIN_TRACK_GAIN:         -8.86 dB
    R128_TRACK_GAIN:               -987
    REPLAYGAIN_TRACK_RANGE:        5.79 dB
    REPLAYGAIN_TRACK_PEAK:         1.011604
    REPLAYGAIN_REFERENCE_LOUDNESS: -18.00 LUFS

  File(s):
    The Smashing Pumpkins - Mellon Collie and the Infinite Sadness [2012-12-03] [FLAC]/02. Bodies.flac

Track 3 ripped and encoded successfully!
Summary:

  Integrated loudness:
    I:         -14.3 LUFS
    Threshold: -24.4 LUFS

  Loudness range:
    LRA:         5.7 LU
    Threshold: -34.4 LUFS
    LRA low:   -17.9 LUFS
    LRA high:  -12.1 LUFS

  Sample peak:
    Peak:       -0.9 dBFS

  True peak:
    Peak:       -0.9 dBFS

  Sample peak relative amplitude (calculated from ebur128 dBFS):
    Peak:        0.901886

  Sample peak relative amplitude (precise):
    Peak:        0.901886

  True peak relative amplitude (calculated from ebur128 dBFS):
    Peak:        0.902677

  Preemphasis:   none detected

  Properties:
    Duration:    00:04:10.293
    Samples:     11037936
    Frames:      18772
    Pregap LSN:  38568 (duration: 00:00:01.506)
    Start LSN:   38681
    End LSN:     57452 (with offset: 57453)

  EAC CRC32:     7F0BAC24
  Accurip:       disc found in database (max confidence: 173)
    Accurip v1:  4BE02639 (accurately ripped, confidence 8)
    Accurip v2:  30FC787A (accurately ripped, confidence 173)

  Metadata:
    mbid:                          0fb5b80f-7132-418c-88fd-0b34a01bac03
    title:                         Thirty‐Three
    artist:                        The Smashing Pumpkins
    track:                         3
    tracktotal:                    14
    disc_mcn:                      5099997855521
    musicbrainz_discid:            fycwEKoS8tQPZ0v307GDz3bEytA-
    cddb:                          C60EFE0E
    media:                         CD
    comment:                       cyanrip 0.9.3-uf0.6
    date:                          2012-12-03
    musicbrainz_albumid:           51367f4f-20ee-4624-a204-416492170e5a
    album:                         Mellon Collie and the Infinite Sadness
    barcode:                       5099997855323
    packaging:                     Jewel Case
    country:                       GB
    releasestatus:                 Official
    album_artist:                  The Smashing Pumpkins
    totaldiscs:                    2
    disc:                          2
    discname:                      Twilight to Starlight
    format:                        CD
    isrc:                          USVI21200908
    creation_time:                 2025-11-24T09:25:14
    REPLAYGAIN_TRACK_GAIN:         -3.72 dB
    R128_TRACK_GAIN:               328
    REPLAYGAIN_TRACK_RANGE:        5.74 dB
    REPLAYGAIN_TRACK_PEAK:         0.902677
    REPLAYGAIN_REFERENCE_LOUDNESS: -18.00 LUFS

  File(s):
    The Smashing Pumpkins - Mellon Collie and the Infinite Sadness [2012-12-03] [FLAC]/03. Thirty‐Three.flac

Track 4 ripped and encoded successfully!
Summary:

  Integrated loudness:
    I:         -13.4 LUFS
    Threshold: -23.5 LUFS

  Loudness range:
    LRA:         4.7 LU
    Threshold: -33.5 LUFS
    LRA low:   -15.9 LUFS
    LRA high:  -11.2 LUFS

  Sample peak:
    Peak:       -0.8 dBFS

  True peak:
    Peak:       -0.7 dBFS

  Sample peak relative amplitude (calculated from ebur128 dBFS):
    Peak:        0.915039

  Sample peak relative amplitude (precise):
    Peak:        0.915039

  True peak relative amplitude (calculated from ebur128 dBFS):
    Peak:        0.917635

  Preemphasis:   none detected

  Properties:
    Duration:    00:04:12.533
    Samples:     11136720
    Frames:      18940
    Pregap LSN:  57453 (duration: 00:00:00.000)
    Start LSN:   57453
    End LSN:     76392 (with offset: 76393)

  EAC CRC32:     FC30F4CD
  Accurip:       disc found in database (max confidence: 173)
    Accurip v1:  C4E8003F (accurately ripped, confidence 8)
    Accurip v2:  F5F5A949 (accurately ripped, confidence 173)

  Metadata:
    mbid:                          f64253e0-f732-4c8f-af26-1bdbb57319c8
    title:                         In the Arms of Sleep
    artist:                        The Smashing Pumpkins
    track:                         4
    tracktotal:                    14
    disc_mcn:                      5099997855521
    musicbrainz_discid:            fycwEKoS8tQPZ0v307GDz3bEytA-
    cddb:                          C60EFE0E
    media:                         CD
    comment:                       cyanrip 0.9.3-uf0.6
    date:                          2012-12-03
    musicbrainz_albumid:           51367f4f-20ee-4624-a204-416492170e5a
    album:                         Mellon Collie and the Infinite Sadness
    barcode:                       5099997855323
    packaging:                     Jewel Case
    country:                       GB
    releasestatus:                 Official
    album_artist:                  The Smashing Pumpkins
    totaldiscs:                    2
    disc:                          2
    discname:                      Twilight to Starlight
    format:                        CD
    isrc:                          USVI21200909
    creation_time:                 2025-11-24T09:28:11
    REPLAYGAIN_TRACK_GAIN:         -4.64 dB
    R128_TRACK_GAIN:               93
    REPLAYGAIN_TRACK_RANGE:        4.71 dB
    REPLAYGAIN_TRACK_PEAK:         0.917635
    REPLAYGAIN_REFERENCE_LOUDNESS: -18.00 LUFS

  File(s):
    The Smashing Pumpkins - Mellon Collie and the Infinite Sadness [2012-12-03] [FLAC]/04. In the Arms of Sleep.flac

Track 5 ripped and encoded successfully!
Summary:

  Integrated loudness:
    I:         -10.9 LUFS
    Threshold: -21.1 LUFS

  Loudness range:
    LRA:         4.8 LU
    Threshold: -31.1 LUFS
    LRA low:   -13.6 LUFS
    LRA high:   -8.8 LUFS

  Sample peak:
    Peak:       -0.1 dBFS

  True peak:
    Peak:       -0.0 dBFS

  Sample peak relative amplitude (calculated from ebur128 dBFS):
    Peak:        0.994080

  Sample peak relative amplitude (precise):
    Peak:        0.994080

  True peak relative amplitude (calculated from ebur128 dBFS):
    Peak:        0.997122

  Preemphasis:   none detected

  Properties:
    Duration:    00:04:26.200
    Samples:     11739420
    Frames:      19965
    Pregap LSN:  76264 (duration: 00:00:01.720)
    Start LSN:   76393
    End LSN:     96357 (with offset: 96358)

  EAC CRC32:     B4717990
  Accurip:       disc found in database (max confidence: 175)
    Accurip v1:  DBE32496 (accurately ripped, confidence 8)
    Accurip v2:  4DF20158 (accurately ripped, confidence 175)

  Metadata:
    mbid:                          b4486e7a-2688-4b1d-a1fb-32244a6ab902
    title:                         1979
    artist:                        The Smashing Pumpkins
    track:                         5
    tracktotal:                    14
    disc_mcn:                      5099997855521
    musicbrainz_discid:            fycwEKoS8tQPZ0v307GDz3bEytA-
    cddb:                          C60EFE0E
    media:                         CD
    comment:                       cyanrip 0.9.3-uf0.6
    date:                          2012-12-03
    musicbrainz_albumid:           51367f4f-20ee-4624-a204-416492170e5a
    album:                         Mellon Collie and the Infinite Sadness
    barcode:                       5099997855323
    packaging:                     Jewel Case
    country:                       GB
    releasestatus:                 Official
    album_artist:                  The Smashing Pumpkins
    totaldiscs:                    2
    disc:                          2
    discname:                      Twilight to Starlight
    format:                        CD
    isrc:                          USVI21200910
    creation_time:                 2025-11-24T09:31:02
    REPLAYGAIN_TRACK_GAIN:         -7.14 dB
    R128_TRACK_GAIN:               -547
    REPLAYGAIN_TRACK_RANGE:        4.84 dB
    REPLAYGAIN_TRACK_PEAK:         0.997122
    REPLAYGAIN_REFERENCE_LOUDNESS: -18.00 LUFS

  File(s):
    The Smashing Pumpkins - Mellon Collie and the Infinite Sadness [2012-12-03] [FLAC]/05. 1979.flac

Track 6 ripped and encoded successfully!
Summary:

  Integrated loudness:
    I:          -9.5 LUFS
    Threshold: -19.5 LUFS

  Loudness range:
    LRA:         2.0 LU
    Threshold: -29.4 LUFS
    LRA low:   -10.2 LUFS
    LRA high:   -8.2 LUFS

  Sample peak:
    Peak:       -0.0 dBFS

  True peak:
    Peak:        0.0 dBFS

  Sample peak relative amplitude (calculated from ebur128 dBFS):
    Peak:        0.996887

  Sample peak relative amplitude (precise):
    Peak:        0.996887

  True peak relative amplitude (calculated from ebur128 dBFS):
    Peak:        1.002366

  Preemphasis:   none detected

  Properties:
    Duration:    00:03:45.840
    Samples:     9959544
    Frames:      16938
    Pregap LSN:  96358 (duration: 00:00:00.000)
    Start LSN:   96358
    End LSN:     113295 (with offset: 113296)

  EAC CRC32:     0F3DBF29
  Accurip:       disc found in database (max confidence: 173)
    Accurip v1:  3365D1A9 (accurately ripped, confidence 8)
    Accurip v2:  01B2F4CE (accurately ripped, confidence 173)

  Metadata:
    mbid:                          2637cf59-01f8-4536-a1c0-d6efb8c0137f
    title:                         Tales of a Scorched Earth
    artist:                        The Smashing Pumpkins
    track:                         6
    tracktotal:                    14
    disc_mcn:                      5099997855521
    musicbrainz_discid:            fycwEKoS8tQPZ0v307GDz3bEytA-
    cddb:                          C60EFE0E
    media:                         CD
    comment:                       cyanrip 0.9.3-uf0.6
    date:                          2012-12-03
    musicbrainz_albumid:           51367f4f-20ee-4624-a204-416492170e5a
    album:                         Mellon Collie and the Infinite Sadness
    barcode:                       5099997855323
    packaging:                     Jewel Case
    country:                       GB
    releasestatus:                 Official
    album_artist:                  The Smashing Pumpkins
    totaldiscs:                    2
    disc:                          2
    discname:                      Twilight to Starlight
    format:                        CD
    isrc:                          USVI21200911
    creation_time:                 2025-11-24T09:33:55
    REPLAYGAIN_TRACK_GAIN:         -8.55 dB
    R128_TRACK_GAIN:               -909
    REPLAYGAIN_TRACK_RANGE:        1.95 dB
    REPLAYGAIN_TRACK_PEAK:         1.002366
    REPLAYGAIN_REFERENCE_LOUDNESS: -18.00 LUFS

  File(s):
    The Smashing Pumpkins - Mellon Collie and the Infinite Sadness [2012-12-03] [FLAC]/06. Tales of a Scorched Earth.flac

Track 7 ripped and encoded successfully!
Summary:

  Integrated loudness:
    I:         -10.7 LUFS
    Threshold: -21.2 LUFS

  Loudness range:
    LRA:         9.0 LU
    Threshold: -31.2 LUFS
    LRA low:   -16.9 LUFS
    LRA high:   -7.9 LUFS

  Sample peak:
    Peak:       -0.0 dBFS

  True peak:
    Peak:       -0.0 dBFS

  Sample peak relative amplitude (calculated from ebur128 dBFS):
    Peak:        0.999054

  Sample peak relative amplitude (precise):
    Peak:        0.999054

  True peak relative amplitude (calculated from ebur128 dBFS):
    Peak:        0.999216

  Preemphasis:   none detected

  Properties:
    Duration:    00:07:38.293
    Samples:     20210736
    Frames:      34372
    Pregap LSN:  113231 (duration: 00:00:00.866)
    Start LSN:   113296
    End LSN:     147667 (with offset: 147668)

  EAC CRC32:     EED24CF0
  Accurip:       disc found in database (max confidence: 173)
    Accurip v1:  1294F6D4 (accurately ripped, confidence 8)
    Accurip v2:  5004ABB5 (accurately ripped, confidence 173)

  Metadata:
    mbid:                          1bfde122-c2f0-4c36-882a-f3aba35427b4
    title:                         Thru the Eyes of Ruby
    artist:                        The Smashing Pumpkins
    track:                         7
    tracktotal:                    14
    disc_mcn:                      5099997855521
    musicbrainz_discid:            fycwEKoS8tQPZ0v307GDz3bEytA-
    cddb:                          C60EFE0E
    media:                         CD
    comment:                       cyanrip 0.9.3-uf0.6
    date:                          2012-12-03
    musicbrainz_albumid:           51367f4f-20ee-4624-a204-416492170e5a
    album:                         Mellon Collie and the Infinite Sadness
    barcode:                       5099997855323
    packaging:                     Jewel Case
    country:                       GB
    releasestatus:                 Official
    album_artist:                  The Smashing Pumpkins
    totaldiscs:                    2
    disc:                          2
    discname:                      Twilight to Starlight
    format:                        CD
    isrc:                          USVI21200912
    creation_time:                 2025-11-24T09:36:24
    REPLAYGAIN_TRACK_GAIN:         -7.26 dB
    R128_TRACK_GAIN:               -578
    REPLAYGAIN_TRACK_RANGE:        8.97 dB
    REPLAYGAIN_TRACK_PEAK:         0.999216
    REPLAYGAIN_REFERENCE_LOUDNESS: -18.00 LUFS

  File(s):
    The Smashing Pumpkins - Mellon Collie and the Infinite Sadness [2012-12-03] [FLAC]/07. Thru the Eyes of Ruby.flac

Track 8 ripped and encoded successfully!
Summary:

  Integrated loudness:
    I:         -17.0 LUFS
    Threshold: -27.1 LUFS

  Loudness range:
    LRA:         5.8 LU
    Threshold: -37.1 LUFS
    LRA low:   -20.8 LUFS
    LRA high:  -15.0 LUFS

  Sample peak:
    Peak:       -0.1 dBFS

  True peak:
    Peak:       -0.1 dBFS

  Sample peak relative amplitude (calculated from ebur128 dBFS):
    Peak:        0.988495

  Sample peak relative amplitude (precise):
    Peak:        0.988495

  True peak relative amplitude (calculated from ebur128 dBFS):
    Peak:        0.988830

  Preemphasis:   none detected

  Properties:
    Duration:    00:02:54.413
    Samples:     7691628
    Frames:      13081
    Pregap LSN:  147668 (duration: 00:00:00.000)
    Start LSN:   147668
    End LSN:     160748 (with offset: 160749)

  EAC CRC32:     38D55F79
  Accurip:       disc found in database (max confidence: 173)
    Accurip v1:  3AD9E7A1 (accurately ripped, confidence 8)
    Accurip v2:  9F42EC21 (accurately ripped, confidence 173)

  Metadata:
    mbid:                          281835ce-8536-4fb1-af81-914d4fe6550d
    title:                         Stumbleine
    artist:                        The Smashing Pumpkins
    track:                         8
    tracktotal:                    14
    disc_mcn:                      5099997855521
    musicbrainz_discid:            fycwEKoS8tQPZ0v307GDz3bEytA-
    cddb:                          C60EFE0E
    media:                         CD
    comment:                       cyanrip 0.9.3-uf0.6
    date:                          2012-12-03
    musicbrainz_albumid:           51367f4f-20ee-4624-a204-416492170e5a
    album:                         Mellon Collie and the Infinite Sadness
    barcode:                       5099997855323
    packaging:                     Jewel Case
    country:                       GB
    releasestatus:                 Official
    album_artist:                  The Smashing Pumpkins
    totaldiscs:                    2
    disc:                          2
    discname:                      Twilight to Starlight
    format:                        CD
    isrc:                          USVI21200913
    creation_time:                 2025-11-24T09:41:03
    REPLAYGAIN_TRACK_GAIN:         -0.97 dB
    R128_TRACK_GAIN:               1031
    REPLAYGAIN_TRACK_RANGE:        5.77 dB
    REPLAYGAIN_TRACK_PEAK:         0.988830
    REPLAYGAIN_REFERENCE_LOUDNESS: -18.00 LUFS

  File(s):
    The Smashing Pumpkins - Mellon Collie and the Infinite Sadness [2012-12-03] [FLAC]/08. Stumbleine.flac

Track 9 ripped and encoded successfully!
Summary:

  Integrated loudness:
    I:         -10.1 LUFS
    Threshold: -20.1 LUFS

  Loudness range:
    LRA:         3.8 LU
    Threshold: -30.1 LUFS
    LRA low:   -12.4 LUFS
    LRA high:   -8.7 LUFS

  Sample peak:
    Peak:       -0.0 dBFS

  True peak:
    Peak:        0.0 dBFS

  Sample peak relative amplitude (calculated from ebur128 dBFS):
    Peak:        0.999969

  Sample peak relative amplitude (precise):
    Peak:        0.999969

  True peak relative amplitude (calculated from ebur128 dBFS):
    Peak:        1.003208

  Preemphasis:   none detected

  Properties:
    Duration:    00:07:07.093
    Samples:     18834816
    Frames:      32032
    Pregap LSN:  160541 (duration: 00:00:02.773)
    Start LSN:   160749
    End LSN:     192780 (with offset: 192781)

  EAC CRC32:     AE9E1AF7
  Accurip:       disc found in database (max confidence: 173)
    Accurip v1:  527820C3 (accurately ripped, confidence 8)
    Accurip v2:  629E681C (accurately ripped, confidence 173)

  Metadata:
    mbid:                          d69fcf8f-340d-45a4-8ae1-8dd813958d9d
    title:                         X.Y.U.
    artist:                        The Smashing Pumpkins
    track:                         9
    tracktotal:                    14
    disc_mcn:                      5099997855521
    musicbrainz_discid:            fycwEKoS8tQPZ0v307GDz3bEytA-
    cddb:                          C60EFE0E
    media:                         CD
    comment:                       cyanrip 0.9.3-uf0.6
    date:                          2012-12-03
    musicbrainz_albumid:           51367f4f-20ee-4624-a204-416492170e5a
    album:                         Mellon Collie and the Infinite Sadness
    barcode:                       5099997855323
    packaging:                     Jewel Case
    country:                       GB
    releasestatus:                 Official
    album_artist:                  The Smashing Pumpkins
    totaldiscs:                    2
    disc:                          2
    discname:                      Twilight to Starlight
    format:                        CD
    isrc:                          USVI21200914
    creation_time:                 2025-11-24T09:42:48
    REPLAYGAIN_TRACK_GAIN:         -7.94 dB
    R128_TRACK_GAIN:               -753
    REPLAYGAIN_TRACK_RANGE:        3.76 dB
    REPLAYGAIN_TRACK_PEAK:         1.003208
    REPLAYGAIN_REFERENCE_LOUDNESS: -18.00 LUFS

  File(s):
    The Smashing Pumpkins - Mellon Collie and the Infinite Sadness [2012-12-03] [FLAC]/09. X.Y.U..flac

Track 10 ripped and encoded successfully!
Summary:

  Integrated loudness:
    I:         -12.9 LUFS
    Threshold: -23.2 LUFS

  Loudness range:
    LRA:         4.3 LU
    Threshold: -33.2 LUFS
    LRA low:   -15.3 LUFS
    LRA high:  -11.0 LUFS

  Sample peak:
    Peak:       -0.1 dBFS

  True peak:
    Peak:       -0.1 dBFS

  Sample peak relative amplitude (calculated from ebur128 dBFS):
    Peak:        0.989014

  Sample peak relative amplitude (precise):
    Peak:        0.989014

  True peak relative amplitude (calculated from ebur128 dBFS):
    Peak:        0.989118

  Preemphasis:   none detected

  Properties:
    Duration:    00:04:05.253
    Samples:     10815672
    Frames:      18394
    Pregap LSN:  192485 (duration: 00:00:03.946)
    Start LSN:   192781
    End LSN:     211174 (with offset: 211175)

  EAC CRC32:     30707EED
  Accurip:       disc found in database (max confidence: 173)
    Accurip v1:  5A2A490E (accurately ripped, confidence 8)
    Accurip v2:  FA9575B4 (accurately ripped, confidence 173)

  Metadata:
    mbid:                          a8384c0f-a3f6-4e6a-a2d7-2f7a9dca90b1
    title:                         We Only Come Out at Night
    artist:                        The Smashing Pumpkins
    track:                         10
    tracktotal:                    14
    disc_mcn:                      5099997855521
    musicbrainz_discid:            fycwEKoS8tQPZ0v307GDz3bEytA-
    cddb:                          C60EFE0E
    media:                         CD
    comment:                       cyanrip 0.9.3-uf0.6
    date:                          2012-12-03
    musicbrainz_albumid:           51367f4f-20ee-4624-a204-416492170e5a
    album:                         Mellon Collie and the Infinite Sadness
    barcode:                       5099997855323
    packaging:                     Jewel Case
    country:                       GB
    releasestatus:                 Official
    album_artist:                  The Smashing Pumpkins
    totaldiscs:                    2
    disc:                          2
    discname:                      Twilight to Starlight
    format:                        CD
    isrc:                          USVI21200915
    creation_time:                 2025-11-24T09:46:56
    REPLAYGAIN_TRACK_GAIN:         -5.13 dB
    R128_TRACK_GAIN:               -33
    REPLAYGAIN_TRACK_RANGE:        4.27 dB
    REPLAYGAIN_TRACK_PEAK:         0.989118
    REPLAYGAIN_REFERENCE_LOUDNESS: -18.00 LUFS

  File(s):
    The Smashing Pumpkins - Mellon Collie and the Infinite Sadness [2012-12-03] [FLAC]/10. We Only Come Out at Night.flac

Track 11 ripped and encoded successfully!
Summary:

  Integrated loudness:
    I:         -11.5 LUFS
    Threshold: -21.8 LUFS

  Loudness range:
    LRA:         6.6 LU
    Threshold: -31.8 LUFS
    LRA low:   -15.7 LUFS
    LRA high:   -9.1 LUFS

  Sample peak:
    Peak:       -0.1 dBFS

  True peak:
    Peak:        0.0 dBFS

  Sample peak relative amplitude (calculated from ebur128 dBFS):
    Peak:        0.991180

  Sample peak relative amplitude (precise):
    Peak:        0.991180

  True peak relative amplitude (calculated from ebur128 dBFS):
    Peak:        1.001117

  Preemphasis:   none detected

  Properties:
    Duration:    00:04:18.386
    Samples:     11394852
    Frames:      19379
    Pregap LSN:  211161 (duration: 00:00:00.186)
    Start LSN:   211175
    End LSN:     230553 (with offset: 230554)

  EAC CRC32:     181FC2DE
  Accurip:       disc found in database (max confidence: 171)
    Accurip v1:  C968F4C4 (accurately ripped, confidence 8)
    Accurip v2:  5A3DE18E (accurately ripped, confidence 171)

  Metadata:
    mbid:                          e8c0736a-3f73-4e46-8b6a-5d4e04070188
    title:                         Beautiful
    artist:                        The Smashing Pumpkins
    track:                         11
    tracktotal:                    14
    disc_mcn:                      5099997855521
    musicbrainz_discid:            fycwEKoS8tQPZ0v307GDz3bEytA-
    cddb:                          C60EFE0E
    media:                         CD
    comment:                       cyanrip 0.9.3-uf0.6
    date:                          2012-12-03
    musicbrainz_albumid:           51367f4f-20ee-4624-a204-416492170e5a
    album:                         Mellon Collie and the Infinite Sadness
    barcode:                       5099997855323
    packaging:                     Jewel Case
    country:                       GB
    releasestatus:                 Official
    album_artist:                  The Smashing Pumpkins
    totaldiscs:                    2
    disc:                          2
    discname:                      Twilight to Starlight
    format:                        CD
    isrc:                          USVI21200916
    creation_time:                 2025-11-24T09:49:15
    REPLAYGAIN_TRACK_GAIN:         -6.53 dB
    R128_TRACK_GAIN:               -391
    REPLAYGAIN_TRACK_RANGE:        6.59 dB
    REPLAYGAIN_TRACK_PEAK:         1.001117
    REPLAYGAIN_REFERENCE_LOUDNESS: -18.00 LUFS

  File(s):
    The Smashing Pumpkins - Mellon Collie and the Infinite Sadness [2012-12-03] [FLAC]/11. Beautiful.flac

Track 12 ripped and encoded successfully!
Summary:

  Integrated loudness:
    I:         -13.6 LUFS
    Threshold: -23.7 LUFS

  Loudness range:
    LRA:         3.0 LU
    Threshold: -33.7 LUFS
    LRA low:   -15.3 LUFS
    LRA high:  -12.4 LUFS

  Sample peak:
    Peak:       -1.0 dBFS

  True peak:
    Peak:       -1.0 dBFS

  Sample peak relative amplitude (calculated from ebur128 dBFS):
    Peak:        0.888947

  Sample peak relative amplitude (precise):
    Peak:        0.888947

  True peak relative amplitude (calculated from ebur128 dBFS):
    Peak:        0.888958

  Preemphasis:   none detected

  Properties:
    Duration:    00:03:31.906
    Samples:     9345084
    Frames:      15893
    Pregap LSN:  230409 (duration: 00:00:01.933)
    Start LSN:   230554
    End LSN:     246446 (with offset: 246447)

  EAC CRC32:     3E9F09D3
  Accurip:       disc found in database (max confidence: 172)
    Accurip v1:  8AD51529 (accurately ripped, confidence 8)
    Accurip v2:  73033DBD (accurately ripped, confidence 172)

  Metadata:
    mbid:                          446b20dc-f1bc-45a5-b399-9a5f1843ca04
    title:                         Lily (My One and Only)
    artist:                        The Smashing Pumpkins
    track:                         12
    tracktotal:                    14
    disc_mcn:                      5099997855521
    musicbrainz_discid:            fycwEKoS8tQPZ0v307GDz3bEytA-
    cddb:                          C60EFE0E
    media:                         CD
    comment:                       cyanrip 0.9.3-uf0.6
    date:                          2012-12-03
    musicbrainz_albumid:           51367f4f-20ee-4624-a204-416492170e5a
    album:                         Mellon Collie and the Infinite Sadness
    barcode:                       5099997855323
    packaging:                     Jewel Case
    country:                       GB
    releasestatus:                 Official
    album_artist:                  The Smashing Pumpkins
    totaldiscs:                    2
    disc:                          2
    discname:                      Twilight to Starlight
    format:                        CD
    isrc:                          USVI21200917
    creation_time:                 2025-11-24T09:51:44
    REPLAYGAIN_TRACK_GAIN:         -4.40 dB
    R128_TRACK_GAIN:               154
    REPLAYGAIN_TRACK_RANGE:        2.97 dB
    REPLAYGAIN_TRACK_PEAK:         0.888958
    REPLAYGAIN_REFERENCE_LOUDNESS: -18.00 LUFS

  File(s):
    The Smashing Pumpkins - Mellon Collie and the Infinite Sadness [2012-12-03] [FLAC]/12. Lily (My One and Only).flac

Track 13 ripped and encoded successfully!
Summary:

  Integrated loudness:
    I:         -12.1 LUFS
    Threshold: -22.5 LUFS

  Loudness range:
    LRA:         5.9 LU
    Threshold: -32.5 LUFS
    LRA low:   -15.6 LUFS
    LRA high:   -9.7 LUFS

  Sample peak:
    Peak:       -0.1 dBFS

  True peak:
    Peak:       -0.1 dBFS

  Sample peak relative amplitude (calculated from ebur128 dBFS):
    Peak:        0.990021

  Sample peak relative amplitude (precise):
    Peak:        0.990021

  True peak relative amplitude (calculated from ebur128 dBFS):
    Peak:        0.990572

  Preemphasis:   none detected

  Properties:
    Duration:    00:04:48.120
    Samples:     12706092
    Frames:      21609
    Pregap LSN:  246343 (duration: 00:00:01.386)
    Start LSN:   246447
    End LSN:     268055 (with offset: 268056)

  EAC CRC32:     D9574FFD
  Accurip:       disc found in database (max confidence: 172)
    Accurip v1:  293B6213 (accurately ripped, confidence 8)
    Accurip v2:  C68800A5 (accurately ripped, confidence 172)

  Metadata:
    mbid:                          68f10b6e-2627-441a-9730-3403db57a6e9
    title:                         By Starlight
    artist:                        The Smashing Pumpkins
    track:                         13
    tracktotal:                    14
    disc_mcn:                      5099997855521
    musicbrainz_discid:            fycwEKoS8tQPZ0v307GDz3bEytA-
    cddb:                          C60EFE0E
    media:                         CD
    comment:                       cyanrip 0.9.3-uf0.6
    date:                          2012-12-03
    musicbrainz_albumid:           51367f4f-20ee-4624-a204-416492170e5a
    album:                         Mellon Collie and the Infinite Sadness
    barcode:                       5099997855323
    packaging:                     Jewel Case
    country:                       GB
    releasestatus:                 Official
    album_artist:                  The Smashing Pumpkins
    totaldiscs:                    2
    disc:                          2
    discname:                      Twilight to Starlight
    format:                        CD
    isrc:                          USVI21200918
    creation_time:                 2025-11-24T09:53:44
    REPLAYGAIN_TRACK_GAIN:         -5.87 dB
    R128_TRACK_GAIN:               -222
    REPLAYGAIN_TRACK_RANGE:        5.85 dB
    REPLAYGAIN_TRACK_PEAK:         0.990572
    REPLAYGAIN_REFERENCE_LOUDNESS: -18.00 LUFS

  File(s):
    The Smashing Pumpkins - Mellon Collie and the Infinite Sadness [2012-12-03] [FLAC]/13. By Starlight.flac

Track 14 ripped and encoded successfully!
Summary:

  Integrated loudness:
    I:         -14.2 LUFS
    Threshold: -24.7 LUFS

  Loudness range:
    LRA:        11.0 LU
    Threshold: -34.7 LUFS
    LRA low:   -22.6 LUFS
    LRA high:  -11.6 LUFS

  Sample peak:
    Peak:       -0.1 dBFS

  True peak:
    Peak:       -0.1 dBFS

  Sample peak relative amplitude (calculated from ebur128 dBFS):
    Peak:        0.988464

  Sample peak relative amplitude (precise):
    Peak:        0.988464

  True peak relative amplitude (calculated from ebur128 dBFS):
    Peak:        0.989888

  Preemphasis:   none detected

  Properties:
    Duration:    00:04:24.240
    Samples:     11652984
    Frames:      19818
    Pregap LSN:  267967 (duration: 00:00:01.186)
    Start LSN:   268056
    End LSN:     287873
    Appended:    1 frames of silence

  EAC CRC32:     1FDCEFBC
  Accurip:       disc found in database (max confidence: 170)
    Accurip v1:  2BFFA619 (accurately ripped, confidence 8)
    Accurip v2:  F5B95AA0 (accurately ripped, confidence 170)

  Metadata:
    mbid:                          5331d2f4-2899-4046-a7cf-e39ce3bf0783
    title:                         Farewell and Goodnight
    artist:                        The Smashing Pumpkins
    track:                         14
    tracktotal:                    14
    disc_mcn:                      5099997855521
    musicbrainz_discid:            fycwEKoS8tQPZ0v307GDz3bEytA-
    cddb:                          C60EFE0E
    media:                         CD
    comment:                       cyanrip 0.9.3-uf0.6
    date:                          2012-12-03
    musicbrainz_albumid:           51367f4f-20ee-4624-a204-416492170e5a
    album:                         Mellon Collie and the Infinite Sadness
    barcode:                       5099997855323
    packaging:                     Jewel Case
    country:                       GB
    releasestatus:                 Official
    album_artist:                  The Smashing Pumpkins
    totaldiscs:                    2
    disc:                          2
    discname:                      Twilight to Starlight
    format:                        CD
    isrc:                          USVI21200919
    creation_time:                 2025-11-24T09:56:28
    REPLAYGAIN_TRACK_GAIN:         -3.83 dB
    R128_TRACK_GAIN:               299
    REPLAYGAIN_TRACK_RANGE:        11.02 dB
    REPLAYGAIN_TRACK_PEAK:         0.989888
    REPLAYGAIN_REFERENCE_LOUDNESS: -18.00 LUFS

  File(s):
    The Smashing Pumpkins - Mellon Collie and the Infinite Sadness [2012-12-03] [FLAC]/14. Farewell and Goodnight.flac

Album Loudness Summary:

  Integrated loudness:
    I:         -11.4 LUFS
    Threshold: -21.6 LUFS

  Loudness range:
    LRA:         8.1 LU
    Threshold: -31.7 LUFS
    LRA low:   -16.7 LUFS
    LRA high:   -8.6 LUFS

  Sample peak:
    Peak:        0.0 dBFS

  True peak:
    Peak:        0.1 dBFS

Tracks ripped accurately: 14/14

Paranoia status counts:
  READ:          23400
  VERIFY:        1619
  OVERLAP:       480

Ripping errors: 0
Ripping finished at 2025-11-24T09:58:50
Log FUN512: kn89uDkpgR9up.vwsVRdbDEs_9KbxEWve4eYx9SNcMQnopRmM5VJTuQwITfBlalqiKb9RveOgIu8DnheDHCeew
